2026-03-24 23:33:26 [ERROR]: Redis connection failed: {"0":"C","1":"o","2":"n","3":"n","4":"e","5":"c","6":"t","7":"i","8":"o","9":"n","10":" ","11":"i","12":"s","13":" ","14":"c","15":"l","16":"o","17":"s","18":"e","19":"d","20":"."}
2026-03-24 23:36:20 [ERROR]: Redis connection failed: {"0":"C","1":"o","2":"n","3":"n","4":"e","5":"c","6":"t","7":"i","8":"o","9":"n","10":" ","11":"i","12":"s","13":" ","14":"c","15":"l","16":"o","17":"s","18":"e","19":"d","20":"."}
2026-03-25 00:08:19 [ERROR]: Redis subscriber error:
2026-03-25 00:08:19 [ERROR]: Redis subscriber error:
2026-03-25 00:08:19 [ERROR]: Redis subscriber error:
2026-03-25 00:08:20 [ERROR]: Redis subscriber error:
2026-03-25 00:08:24 [ERROR]: Redis subscriber error:
2026-03-25 00:08:25 [ERROR]: Redis subscriber error:
2026-03-25 00:08:25 [ERROR]: Redis subscriber error:
2026-03-25 00:08:26 [ERROR]: Redis subscriber error:
2026-03-25 00:08:42 [ERROR]: Redis subscriber error:
2026-03-25 00:08:43 [ERROR]: Redis subscriber error:
2026-03-25 00:08:43 [ERROR]: Redis subscriber error:
2026-03-25 00:08:44 [ERROR]: Redis subscriber error:
2026-03-25 00:08:55 [ERROR]: Redis subscriber error:
2026-03-25 00:08:55 [ERROR]: Redis subscriber error:
2026-03-25 00:08:55 [ERROR]: Redis subscriber error:
2026-03-25 00:08:56 [ERROR]: Redis subscriber error:
2026-03-25 00:09:06 [ERROR]: Redis subscriber error:
2026-03-25 00:09:07 [ERROR]: Redis subscriber error:
2026-03-25 00:09:07 [ERROR]: Redis subscriber error:
2026-03-25 00:09:08 [ERROR]: Redis subscriber error:
2026-03-25 00:09:12 [ERROR]: Redis subscriber error:
2026-03-25 00:09:22 [ERROR]: Redis subscriber error:
2026-03-25 00:09:22 [ERROR]: Redis subscriber error:
2026-03-25 00:09:23 [ERROR]: Redis subscriber error:
2026-03-25 00:09:23 [ERROR]: Redis subscriber error:
2026-03-25 00:10:00 [ERROR]: Redis subscriber error:
2026-03-25 00:13:04 [ERROR]: Redis subscriber error:
2026-03-25 00:13:12 [ERROR]: Redis subscriber error:
2026-03-25 00:13:18 [ERROR]: Redis subscriber error:
2026-03-25 00:13:27 [ERROR]: Redis subscriber error:
2026-03-25 00:29:51 [ERROR]: Redis subscriber error:
2026-03-25 00:38:58 [ERROR]: Redis subscriber error:
2026-03-25 00:38:58 [ERROR]: Redis subscriber error:
2026-03-25 00:38:59 [ERROR]: Redis subscriber error:
2026-03-25 00:38:59 [ERROR]: Redis subscriber error:
2026-03-25 00:42:17 [ERROR]: Redis subscriber error:
2026-03-25 00:42:31 [ERROR]: Redis subscriber error:
2026-03-25 00:42:32 [ERROR]: Redis subscriber error:
2026-03-25 00:42:32 [ERROR]: Redis subscriber error:
2026-03-25 00:42:33 [ERROR]: Redis subscriber error:
2026-03-25 00:47:40 [ERROR]: Redis subscriber error:
2026-03-25 00:55:32 [ERROR]: Disconnect status error: {"0":"r","1":"e","2":"a","3":"d","4":" ","5":"E","6":"C","7":"O","8":"N","9":"N","10":"R","11":"E","12":"S","13":"E","14":"T"}
2026-03-25 12:09:52 [ERROR]: Redis subscriber error:
2026-03-25 12:09:52 [ERROR]: Redis subscriber error:
2026-03-25 12:09:52 [ERROR]: Redis subscriber error:
2026-03-25 12:09:53 [ERROR]: Redis subscriber error:
2026-03-25 12:15:51 [ERROR]: Redis subscriber error:
2026-03-25 12:15:51 [ERROR]: Redis subscriber error:
2026-03-25 12:15:51 [ERROR]: Redis subscriber error:
2026-03-25 12:15:52 [ERROR]: Redis subscriber error:
2026-03-25 12:24:38 [ERROR]: Redis subscriber error:
2026-03-25 12:24:38 [ERROR]: Redis subscriber error:
2026-03-25 12:24:38 [ERROR]: Redis subscriber error:
2026-03-25 12:24:39 [ERROR]: Redis subscriber error:
2026-03-25 12:26:18 [ERROR]: Redis subscriber error:
2026-03-25 12:26:18 [ERROR]: Redis subscriber error:
2026-03-25 12:26:19 [ERROR]: Redis subscriber error:
2026-03-25 12:26:19 [ERROR]: Redis subscriber error:
2026-03-25 12:26:31 [ERROR]: Redis subscriber error:
2026-03-25 12:26:31 [ERROR]: Redis subscriber error:
2026-03-25 12:26:32 [ERROR]: Redis subscriber error:
2026-03-25 12:26:32 [ERROR]: Redis subscriber error:
2026-03-25 12:27:20 [ERROR]: Redis subscriber error:
2026-03-25 12:27:20 [ERROR]: Redis subscriber error:
2026-03-25 12:27:21 [ERROR]: Redis subscriber error:
2026-03-25 12:27:21 [ERROR]: Redis subscriber error:
2026-03-25 12:27:50 [ERROR]: Redis subscriber error:
2026-03-25 12:27:50 [ERROR]: Redis subscriber error:
2026-03-25 12:27:50 [ERROR]: Redis subscriber error:
2026-03-25 12:27:51 [ERROR]: Redis subscriber error:
2026-03-25 12:29:31 [ERROR]: Redis subscriber error:
2026-03-25 12:29:31 [ERROR]: Redis subscriber error:
2026-03-25 12:29:31 [ERROR]: Redis subscriber error:
2026-03-25 12:29:32 [ERROR]: Redis subscriber error:
2026-03-25 12:34:55 [ERROR]: Redis subscriber error:
2026-03-25 12:34:55 [ERROR]: Redis subscriber error:
2026-03-25 12:34:56 [ERROR]: Redis subscriber error:
2026-03-25 12:34:56 [ERROR]: Redis subscriber error:
2026-03-25 12:35:01 [ERROR]: Redis subscriber error:
2026-03-25 12:35:01 [ERROR]: Redis subscriber error:
2026-03-25 12:35:02 [ERROR]: Redis subscriber error:
2026-03-25 12:35:02 [ERROR]: Redis subscriber error:
2026-03-25 12:35:15 [ERROR]: Redis subscriber error:
2026-03-25 12:35:15 [ERROR]: Redis subscriber error:
2026-03-25 12:35:15 [ERROR]: Redis subscriber error:
2026-03-25 12:35:16 [ERROR]: Redis subscriber error:
2026-03-25 12:35:36 [ERROR]: Redis subscriber error:
2026-03-25 12:35:36 [ERROR]: Redis subscriber error:
2026-03-25 12:35:36 [ERROR]: Redis subscriber error:
2026-03-25 12:35:37 [ERROR]: Redis subscriber error:
2026-03-25 12:35:49 [ERROR]: Redis subscriber error:
2026-03-25 12:35:49 [ERROR]: Redis subscriber error:
2026-03-25 12:35:50 [ERROR]: Redis subscriber error:
2026-03-25 12:35:50 [ERROR]: Redis subscriber error:
2026-03-25 13:22:58 [ERROR]: Disconnect status error: {"0":"r","1":"e","2":"a","3":"d","4":" ","5":"E","6":"C","7":"O","8":"N","9":"N","10":"R","11":"E","12":"S","13":"E","14":"T"}
2026-03-25 13:22:58 [ERROR]: Disconnect status error: {"0":"r","1":"e","2":"a","3":"d","4":" ","5":"E","6":"C","7":"O","8":"N","9":"N","10":"R","11":"E","12":"S","13":"E","14":"T"}
2026-03-25 13:22:58 [ERROR]: Disconnect status error: {"0":"r","1":"e","2":"a","3":"d","4":" ","5":"E","6":"C","7":"O","8":"N","9":"N","10":"R","11":"E","12":"S","13":"E","14":"T"}
2026-03-25 13:23:08 [ERROR]: Scheduler process error: {"0":"g","1":"e","2":"t","3":"a","4":"d","5":"d","6":"r","7":"i","8":"n","9":"f","10":"o","11":" ","12":"E","13":"N","14":"O","15":"T","16":"F","17":"O","18":"U","19":"N","20":"D","21":" ","22":"a","23":"c","24":"-","25":"m","26":"0","27":"b","28":"e","29":"h","30":"e","31":"1","32":"-","33":"s","34":"h","35":"a","36":"r","37":"d","38":"-","39":"0","40":"0","41":"-","42":"0","43":"0","44":".","45":"v","46":"k","47":"6","48":"6","49":"r","50":"v","51":"s","52":".","53":"m","54":"o","55":"n","56":"g","57":"o","58":"d","59":"b","60":".","61":"n","62":"e","63":"t"}
2026-03-25 13:23:14 [ERROR]: Auth error: {"0":"g","1":"e","2":"t","3":"a","4":"d","5":"d","6":"r","7":"i","8":"n","9":"f","10":"o","11":" ","12":"E","13":"N","14":"O","15":"T","16":"F","17":"O","18":"U","19":"N","20":"D","21":" ","22":"a","23":"c","24":"-","25":"m","26":"0","27":"b","28":"e","29":"h","30":"e","31":"1","32":"-","33":"s","34":"h","35":"a","36":"r","37":"d","38":"-","39":"0","40":"0","41":"-","42":"0","43":"0","44":".","45":"v","46":"k","47":"6","48":"6","49":"r","50":"v","51":"s","52":".","53":"m","54":"o","55":"n","56":"g","57":"o","58":"d","59":"b","60":".","61":"n","62":"e","63":"t"}
2026-03-25 13:23:24 [ERROR]: Auth error: {"0":"g","1":"e","2":"t","3":"a","4":"d","5":"d","6":"r","7":"i","8":"n","9":"f","10":"o","11":" ","12":"E","13":"N","14":"O","15":"T","16":"F","17":"O","18":"U","19":"N","20":"D","21":" ","22":"a","23":"c","24":"-","25":"m","26":"0","27":"b","28":"e","29":"h","30":"e","31":"1","32":"-","33":"s","34":"h","35":"a","36":"r","37":"d","38":"-","39":"0","40":"0","41":"-","42":"0","43":"0","44":".","45":"v","46":"k","47":"6","48":"6","49":"r","50":"v","51":"s","52":".","53":"m","54":"o","55":"n","56":"g","57":"o","58":"d","59":"b","60":".","61":"n","62":"e","63":"t"}
2026-03-25 13:23:38 [ERROR]: Scheduler process error: {"0":"g","1":"e","2":"t","3":"a","4":"d","5":"d","6":"r","7":"i","8":"n","9":"f","10":"o","11":" ","12":"E","13":"N","14":"O","15":"T","16":"F","17":"O","18":"U","19":"N","20":"D","21":" ","22":"a","23":"c","24":"-","25":"m","26":"0","27":"b","28":"e","29":"h","30":"e","31":"1","32":"-","33":"s","34":"h","35":"a","36":"r","37":"d","38":"-","39":"0","40":"0","41":"-","42":"0","43":"0","44":".","45":"v","46":"k","47":"6","48":"6","49":"r","50":"v","51":"s","52":".","53":"m","54":"o","55":"n","56":"g","57":"o","58":"d","59":"b","60":".","61":"n","62":"e","63":"t"}
2026-03-25 13:24:08 [ERROR]: Scheduler process error: {"0":"g","1":"e","2":"t","3":"a","4":"d","5":"d","6":"r","7":"i","8":"n","9":"f","10":"o","11":" ","12":"E","13":"N","14":"O","15":"T","16":"F","17":"O","18":"U","19":"N","20":"D","21":" ","22":"a","23":"c","24":"-","25":"m","26":"0","27":"b","28":"e","29":"h","30":"e","31":"1","32":"-","33":"s","34":"h","35":"a","36":"r","37":"d","38":"-","39":"0","40":"0","41":"-","42":"0","43":"0","44":".","45":"v","46":"k","47":"6","48":"6","49":"r","50":"v","51":"s","52":".","53":"m","54":"o","55":"n","56":"g","57":"o","58":"d","59":"b","60":".","61":"n","62":"e","63":"t"}
2026-03-25 13:24:38 [ERROR]: Scheduler process error: {"0":"g","1":"e","2":"t","3":"a","4":"d","5":"d","6":"r","7":"i","8":"n","9":"f","10":"o","11":" ","12":"E","13":"N","14":"O","15":"T","16":"F","17":"O","18":"U","19":"N","20":"D","21":" ","22":"a","23":"c","24":"-","25":"m","26":"0","27":"b","28":"e","29":"h","30":"e","31":"1","32":"-","33":"s","34":"h","35":"a","36":"r","37":"d","38":"-","39":"0","40":"0","41":"-","42":"0","43":"0","44":".","45":"v","46":"k","47":"6","48":"6","49":"r","50":"v","51":"s","52":".","53":"m","54":"o","55":"n","56":"g","57":"o","58":"d","59":"b","60":".","61":"n","62":"e","63":"t"}
2026-03-25 13:25:08 [ERROR]: Scheduler process error: {"0":"g","1":"e","2":"t","3":"a","4":"d","5":"d","6":"r","7":"i","8":"n","9":"f","10":"o","11":" ","12":"E","13":"N","14":"O","15":"T","16":"F","17":"O","18":"U","19":"N","20":"D","21":" ","22":"a","23":"c","24":"-","25":"m","26":"0","27":"b","28":"e","29":"h","30":"e","31":"1","32":"-","33":"s","34":"h","35":"a","36":"r","37":"d","38":"-","39":"0","40":"0","41":"-","42":"0","43":"0","44":".","45":"v","46":"k","47":"6","48":"6","49":"r","50":"v","51":"s","52":".","53":"m","54":"o","55":"n","56":"g","57":"o","58":"d","59":"b","60":".","61":"n","62":"e","63":"t"}
2026-03-25 13:25:38 [ERROR]: Scheduler process error: {"0":"g","1":"e","2":"t","3":"a","4":"d","5":"d","6":"r","7":"i","8":"n","9":"f","10":"o","11":" ","12":"E","13":"N","14":"O","15":"T","16":"F","17":"O","18":"U","19":"N","20":"D","21":" ","22":"a","23":"c","24":"-","25":"m","26":"0","27":"b","28":"e","29":"h","30":"e","31":"1","32":"-","33":"s","34":"h","35":"a","36":"r","37":"d","38":"-","39":"0","40":"0","41":"-","42":"0","43":"0","44":".","45":"v","46":"k","47":"6","48":"6","49":"r","50":"v","51":"s","52":".","53":"m","54":"o","55":"n","56":"g","57":"o","58":"d","59":"b","60":".","61":"n","62":"e","63":"t"}
2026-03-25 13:26:08 [ERROR]: Scheduler process error: {"0":"g","1":"e","2":"t","3":"a","4":"d","5":"d","6":"r","7":"i","8":"n","9":"f","10":"o","11":" ","12":"E","13":"N","14":"O","15":"T","16":"F","17":"O","18":"U","19":"N","20":"D","21":" ","22":"a","23":"c","24":"-","25":"m","26":"0","27":"b","28":"e","29":"h","30":"e","31":"1","32":"-","33":"s","34":"h","35":"a","36":"r","37":"d","38":"-","39":"0","40":"0","41":"-","42":"0","43":"0","44":".","45":"v","46":"k","47":"6","48":"6","49":"r","50":"v","51":"s","52":".","53":"m","54":"o","55":"n","56":"g","57":"o","58":"d","59":"b","60":".","61":"n","62":"e","63":"t"}
2026-03-25 13:26:38 [ERROR]: Scheduler process error: {"0":"g","1":"e","2":"t","3":"a","4":"d","5":"d","6":"r","7":"i","8":"n","9":"f","10":"o","11":" ","12":"E","13":"N","14":"O","15":"T","16":"F","17":"O","18":"U","19":"N","20":"D","21":" ","22":"a","23":"c","24":"-","25":"m","26":"0","27":"b","28":"e","29":"h","30":"e","31":"1","32":"-","33":"s","34":"h","35":"a","36":"r","37":"d","38":"-","39":"0","40":"0","41":"-","42":"0","43":"0","44":".","45":"v","46":"k","47":"6","48":"6","49":"r","50":"v","51":"s","52":".","53":"m","54":"o","55":"n","56":"g","57":"o","58":"d","59":"b","60":".","61":"n","62":"e","63":"t"}
2026-03-25 13:27:08 [ERROR]: Scheduler process error: {"0":"g","1":"e","2":"t","3":"a","4":"d","5":"d","6":"r","7":"i","8":"n","9":"f","10":"o","11":" ","12":"E","13":"N","14":"O","15":"T","16":"F","17":"O","18":"U","19":"N","20":"D","21":" ","22":"a","23":"c","24":"-","25":"m","26":"0","27":"b","28":"e","29":"h","30":"e","31":"1","32":"-","33":"s","34":"h","35":"a","36":"r","37":"d","38":"-","39":"0","40":"0","41":"-","42":"0","43":"0","44":".","45":"v","46":"k","47":"6","48":"6","49":"r","50":"v","51":"s","52":".","53":"m","54":"o","55":"n","56":"g","57":"o","58":"d","59":"b","60":".","61":"n","62":"e","63":"t"}
2026-03-25 13:27:38 [ERROR]: Scheduler process error: {"0":"g","1":"e","2":"t","3":"a","4":"d","5":"d","6":"r","7":"i","8":"n","9":"f","10":"o","11":" ","12":"E","13":"N","14":"O","15":"T","16":"F","17":"O","18":"U","19":"N","20":"D","21":" ","22":"a","23":"c","24":"-","25":"m","26":"0","27":"b","28":"e","29":"h","30":"e","31":"1","32":"-","33":"s","34":"h","35":"a","36":"r","37":"d","38":"-","39":"0","40":"0","41":"-","42":"0","43":"0","44":".","45":"v","46":"k","47":"6","48":"6","49":"r","50":"v","51":"s","52":".","53":"m","54":"o","55":"n","56":"g","57":"o","58":"d","59":"b","60":".","61":"n","62":"e","63":"t"}
2026-03-25 13:28:08 [ERROR]: Scheduler process error: {"0":"g","1":"e","2":"t","3":"a","4":"d","5":"d","6":"r","7":"i","8":"n","9":"f","10":"o","11":" ","12":"E","13":"N","14":"O","15":"T","16":"F","17":"O","18":"U","19":"N","20":"D","21":" ","22":"a","23":"c","24":"-","25":"m","26":"0","27":"b","28":"e","29":"h","30":"e","31":"1","32":"-","33":"s","34":"h","35":"a","36":"r","37":"d","38":"-","39":"0","40":"0","41":"-","42":"0","43":"0","44":".","45":"v","46":"k","47":"6","48":"6","49":"r","50":"v","51":"s","52":".","53":"m","54":"o","55":"n","56":"g","57":"o","58":"d","59":"b","60":".","61":"n","62":"e","63":"t"}
2026-03-25 13:38:21 [ERROR]: Redis subscriber error:
2026-03-25 13:38:21 [ERROR]: Redis subscriber error:
2026-03-25 13:38:21 [ERROR]: Redis subscriber error:
2026-03-25 13:38:22 [ERROR]: Redis subscriber error:
2026-03-25 15:46:54 [ERROR]: Uncaught Exception: {"0":"l","1":"i","2":"s","3":"t","4":"e","5":"n","6":" ","7":"E","8":"A","9":"D","10":"D","11":"R","12":"I","13":"N","14":"U","15":"S","16":"E","17":":","18":" ","19":"a","20":"d","21":"d","22":"r","23":"e","24":"s","25":"s","26":" ","27":"a","28":"l","29":"r","30":"e","31":"a","32":"d","33":"y","34":" ","35":"i","36":"n","37":" ","38":"u","39":"s","40":"e","41":" ","42":":","43":":","44":":","45":"5","46":"0","47":"0","48":"0"}
2026-03-25 15:46:54 [ERROR]: Scheduler process error: {"0":"A","1":"t","2":"t","3":"e","4":"m","5":"p","6":"t","7":"e","8":"d","9":" ","10":"t","11":"o","12":" ","13":"c","14":"h","15":"e","16":"c","17":"k","18":" ","19":"o","20":"u","21":"t","22":" ","23":"a","24":" ","25":"c","26":"o","27":"n","28":"n","29":"e","30":"c","31":"t","32":"i","33":"o","34":"n","35":" ","36":"f","37":"r","38":"o","39":"m","40":" ","41":"c","42":"l","43":"o","44":"s","45":"e","46":"d","47":" ","48":"c","49":"o","50":"n","51":"n","52":"e","53":"c","54":"t","55":"i","56":"o","57":"n","58":" ","59":"p","60":"o","61":"o","62":"l"}
2026-03-25 15:48:00 [ERROR]: Uncaught Exception: {"0":"l","1":"i","2":"s","3":"t","4":"e","5":"n","6":" ","7":"E","8":"A","9":"D","10":"D","11":"R","12":"I","13":"N","14":"U","15":"S","16":"E","17":":","18":" ","19":"a","20":"d","21":"d","22":"r","23":"e","24":"s","25":"s","26":" ","27":"a","28":"l","29":"r","30":"e","31":"a","32":"d","33":"y","34":" ","35":"i","36":"n","37":" ","38":"u","39":"s","40":"e","41":" ","42":":","43":":","44":":","45":"5","46":"0","47":"0","48":"0"}
2026-03-25 15:48:01 [ERROR]: Scheduler process error: {"0":"A","1":"t","2":"t","3":"e","4":"m","5":"p","6":"t","7":"e","8":"d","9":" ","10":"t","11":"o","12":" ","13":"c","14":"h","15":"e","16":"c","17":"k","18":" ","19":"o","20":"u","21":"t","22":" ","23":"a","24":" ","25":"c","26":"o","27":"n","28":"n","29":"e","30":"c","31":"t","32":"i","33":"o","34":"n","35":" ","36":"f","37":"r","38":"o","39":"m","40":" ","41":"c","42":"l","43":"o","44":"s","45":"e","46":"d","47":" ","48":"c","49":"o","50":"n","51":"n","52":"e","53":"c","54":"t","55":"i","56":"o","57":"n","58":" ","59":"p","60":"o","61":"o","62":"l"}
2026-03-25 15:49:52 [ERROR]: Uncaught Exception: {"0":"l","1":"i","2":"s","3":"t","4":"e","5":"n","6":" ","7":"E","8":"A","9":"D","10":"D","11":"R","12":"I","13":"N","14":"U","15":"S","16":"E","17":":","18":" ","19":"a","20":"d","21":"d","22":"r","23":"e","24":"s","25":"s","26":" ","27":"a","28":"l","29":"r","30":"e","31":"a","32":"d","33":"y","34":" ","35":"i","36":"n","37":" ","38":"u","39":"s","40":"e","41":" ","42":":","43":":","44":":","45":"5","46":"0","47":"0","48":"0"}
2026-03-25 15:49:52 [ERROR]: Scheduler process error: {"0":"A","1":"t","2":"t","3":"e","4":"m","5":"p","6":"t","7":"e","8":"d","9":" ","10":"t","11":"o","12":" ","13":"c","14":"h","15":"e","16":"c","17":"k","18":" ","19":"o","20":"u","21":"t","22":" ","23":"a","24":" ","25":"c","26":"o","27":"n","28":"n","29":"e","30":"c","31":"t","32":"i","33":"o","34":"n","35":" ","36":"f","37":"r","38":"o","39":"m","40":" ","41":"c","42":"l","43":"o","44":"s","45":"e","46":"d","47":" ","48":"c","49":"o","50":"n","51":"n","52":"e","53":"c","54":"t","55":"i","56":"o","57":"n","58":" ","59":"p","60":"o","61":"o","62":"l"}
2026-03-25 15:50:19 [ERROR]: Uncaught Exception: {"0":"l","1":"i","2":"s","3":"t","4":"e","5":"n","6":" ","7":"E","8":"A","9":"D","10":"D","11":"R","12":"I","13":"N","14":"U","15":"S","16":"E","17":":","18":" ","19":"a","20":"d","21":"d","22":"r","23":"e","24":"s","25":"s","26":" ","27":"a","28":"l","29":"r","30":"e","31":"a","32":"d","33":"y","34":" ","35":"i","36":"n","37":" ","38":"u","39":"s","40":"e","41":" ","42":":","43":":","44":":","45":"5","46":"0","47":"0","48":"0"}
2026-03-25 15:50:20 [ERROR]: Scheduler process error: {"0":"A","1":"t","2":"t","3":"e","4":"m","5":"p","6":"t","7":"e","8":"d","9":" ","10":"t","11":"o","12":" ","13":"c","14":"h","15":"e","16":"c","17":"k","18":" ","19":"o","20":"u","21":"t","22":" ","23":"a","24":" ","25":"c","26":"o","27":"n","28":"n","29":"e","30":"c","31":"t","32":"i","33":"o","34":"n","35":" ","36":"f","37":"r","38":"o","39":"m","40":" ","41":"c","42":"l","43":"o","44":"s","45":"e","46":"d","47":" ","48":"c","49":"o","50":"n","51":"n","52":"e","53":"c","54":"t","55":"i","56":"o","57":"n","58":" ","59":"p","60":"o","61":"o","62":"l"}
2026-03-25 15:51:16 [ERROR]: Uncaught Exception: listen EADDRINUSE: address already in use :::5000 {"code":"EADDRINUSE","errno":-4091,"syscall":"listen","address":"::","port":5000,"stack":"Error: listen EADDRINUSE: address already in use :::5000\n    at Server.setupListenHandle [as _listen2] (node:net:1940:16)\n    at listenInCluster (node:net:1997:12)\n    at Server.listen (node:net:2102:7)\n    at file:///C:/Coder%202.0/RealTimeChat/QuickChat-Full-Stack/server/server.js:157:8\n    at process.processTicksAndRejections (node:internal/process/task_queues:105:5)"}
2026-03-25 15:51:16 [ERROR]: Scheduler process error: {"0":"A","1":"t","2":"t","3":"e","4":"m","5":"p","6":"t","7":"e","8":"d","9":" ","10":"t","11":"o","12":" ","13":"c","14":"h","15":"e","16":"c","17":"k","18":" ","19":"o","20":"u","21":"t","22":" ","23":"a","24":" ","25":"c","26":"o","27":"n","28":"n","29":"e","30":"c","31":"t","32":"i","33":"o","34":"n","35":" ","36":"f","37":"r","38":"o","39":"m","40":" ","41":"c","42":"l","43":"o","44":"s","45":"e","46":"d","47":" ","48":"c","49":"o","50":"n","51":"n","52":"e","53":"c","54":"t","55":"i","56":"o","57":"n","58":" ","59":"p","60":"o","61":"o","62":"l"}
2026-03-25 15:51:25 [ERROR]: Uncaught Exception: listen EADDRINUSE: address already in use :::5000 {"code":"EADDRINUSE","errno":-4091,"syscall":"listen","address":"::","port":5000,"stack":"Error: listen EADDRINUSE: address already in use :::5000\n    at Server.setupListenHandle [as _listen2] (node:net:1940:16)\n    at listenInCluster (node:net:1997:12)\n    at Server.listen (node:net:2102:7)\n    at file:///C:/Coder%202.0/RealTimeChat/QuickChat-Full-Stack/server/server.js:157:8\n    at process.processTicksAndRejections (node:internal/process/task_queues:105:5)"}
2026-03-25 15:51:25 [ERROR]: Scheduler process error: {"0":"A","1":"t","2":"t","3":"e","4":"m","5":"p","6":"t","7":"e","8":"d","9":" ","10":"t","11":"o","12":" ","13":"c","14":"h","15":"e","16":"c","17":"k","18":" ","19":"o","20":"u","21":"t","22":" ","23":"a","24":" ","25":"c","26":"o","27":"n","28":"n","29":"e","30":"c","31":"t","32":"i","33":"o","34":"n","35":" ","36":"f","37":"r","38":"o","39":"m","40":" ","41":"c","42":"l","43":"o","44":"s","45":"e","46":"d","47":" ","48":"c","49":"o","50":"n","51":"n","52":"e","53":"c","54":"t","55":"i","56":"o","57":"n","58":" ","59":"p","60":"o","61":"o","62":"l"}
2026-03-25 15:53:14 [ERROR]: Uncaught Exception: listen EADDRINUSE: address already in use :::5000 {"code":"EADDRINUSE","errno":-4091,"syscall":"listen","address":"::","port":5000,"stack":"Error: listen EADDRINUSE: address already in use :::5000\n    at Server.setupListenHandle [as _listen2] (node:net:1940:16)\n    at listenInCluster (node:net:1997:12)\n    at Server.listen (node:net:2102:7)\n    at file:///C:/Coder%202.0/RealTimeChat/QuickChat-Full-Stack/server/server.js:157:8\n    at process.processTicksAndRejections (node:internal/process/task_queues:105:5)"}
2026-03-25 15:53:14 [ERROR]: Scheduler process error: {"0":"A","1":"t","2":"t","3":"e","4":"m","5":"p","6":"t","7":"e","8":"d","9":" ","10":"t","11":"o","12":" ","13":"c","14":"h","15":"e","16":"c","17":"k","18":" ","19":"o","20":"u","21":"t","22":" ","23":"a","24":" ","25":"c","26":"o","27":"n","28":"n","29":"e","30":"c","31":"t","32":"i","33":"o","34":"n","35":" ","36":"f","37":"r","38":"o","39":"m","40":" ","41":"c","42":"l","43":"o","44":"s","45":"e","46":"d","47":" ","48":"c","49":"o","50":"n","51":"n","52":"e","53":"c","54":"t","55":"i","56":"o","57":"n","58":" ","59":"p","60":"o","61":"o","62":"l"}
2026-03-25 15:55:22 [ERROR]: Uncaught Exception: listen EADDRINUSE: address already in use :::5000 {"code":"EADDRINUSE","errno":-4091,"syscall":"listen","address":"::","port":5000,"stack":"Error: listen EADDRINUSE: address already in use :::5000\n    at Server.setupListenHandle [as _listen2] (node:net:1940:16)\n    at listenInCluster (node:net:1997:12)\n    at Server.listen (node:net:2102:7)\n    at file:///C:/Coder%202.0/RealTimeChat/QuickChat-Full-Stack/server/server.js:157:8\n    at process.processTicksAndRejections (node:internal/process/task_queues:105:5)"}
2026-03-25 15:55:22 [ERROR]: Scheduler process error: {"0":"A","1":"t","2":"t","3":"e","4":"m","5":"p","6":"t","7":"e","8":"d","9":" ","10":"t","11":"o","12":" ","13":"c","14":"h","15":"e","16":"c","17":"k","18":" ","19":"o","20":"u","21":"t","22":" ","23":"a","24":" ","25":"c","26":"o","27":"n","28":"n","29":"e","30":"c","31":"t","32":"i","33":"o","34":"n","35":" ","36":"f","37":"r","38":"o","39":"m","40":" ","41":"c","42":"l","43":"o","44":"s","45":"e","46":"d","47":" ","48":"c","49":"o","50":"n","51":"n","52":"e","53":"c","54":"t","55":"i","56":"o","57":"n","58":" ","59":"p","60":"o","61":"o","62":"l"}
2026-03-25 15:55:58 [ERROR]: Uncaught Exception: listen EADDRINUSE: address already in use :::5000 {"code":"EADDRINUSE","errno":-4091,"syscall":"listen","address":"::","port":5000,"stack":"Error: listen EADDRINUSE: address already in use :::5000\n    at Server.setupListenHandle [as _listen2] (node:net:1940:16)\n    at listenInCluster (node:net:1997:12)\n    at Server.listen (node:net:2102:7)\n    at file:///C:/Coder%202.0/RealTimeChat/QuickChat-Full-Stack/server/server.js:157:8\n    at process.processTicksAndRejections (node:internal/process/task_queues:105:5)"}
2026-03-25 15:55:59 [ERROR]: Scheduler process error: {"0":"A","1":"t","2":"t","3":"e","4":"m","5":"p","6":"t","7":"e","8":"d","9":" ","10":"t","11":"o","12":" ","13":"c","14":"h","15":"e","16":"c","17":"k","18":" ","19":"o","20":"u","21":"t","22":" ","23":"a","24":" ","25":"c","26":"o","27":"n","28":"n","29":"e","30":"c","31":"t","32":"i","33":"o","34":"n","35":" ","36":"f","37":"r","38":"o","39":"m","40":" ","41":"c","42":"l","43":"o","44":"s","45":"e","46":"d","47":" ","48":"c","49":"o","50":"n","51":"n","52":"e","53":"c","54":"t","55":"i","56":"o","57":"n","58":" ","59":"p","60":"o","61":"o","62":"l"}
2026-03-25 16:00:19 [ERROR]: Port 5000 is already in use. Close the other server or change PORT in .env
2026-03-25 16:14:38 [ERROR]: Port 5000 is already in use. Close the other server or change PORT in .env
2026-03-25 16:15:15 [ERROR]: Port 5000 is already in use. Close the other server or change PORT in .env
2026-03-25 16:15:52 [ERROR]: Port 5000 is already in use. Close the other server or change PORT in .env
2026-03-25 16:22:07 [ERROR]: Port 5000 is already in use. Close the other server or change PORT in .env
2026-03-25 16:23:32 [ERROR]: Port 5000 is already in use. Close the other server or change PORT in .env
2026-03-25 16:57:33 [ERROR]: Port 5000 is already in use. Close the other server or change PORT in .env
2026-03-25 16:58:02 [ERROR]: Port 5000 is already in use. Close the other server or change PORT in .env
2026-03-25 16:58:37 [ERROR]: Port 5000 is already in use. Close the other server or change PORT in .env
2026-03-25 16:59:49 [ERROR]: Port 5000 is already in use. Close the other server or change PORT in .env
2026-03-25 16:59:53 [ERROR]: Port 5000 is already in use. Close the other server or change PORT in .env
2026-03-25 17:00:24 [ERROR]: Port 5000 is already in use. Close the other server or change PORT in .env
2026-03-25 17:00:43 [ERROR]: Port 5000 is already in use. Close the other server or change PORT in .env
2026-03-25 17:01:30 [ERROR]: Port 5000 is already in use. Close the other server or change PORT in .env
2026-03-25 17:37:50 [ERROR]: Port 5000 is already in use. Close the other server or change PORT in .env
2026-03-25 17:37:58 [ERROR]: Port 5000 is already in use. Close the other server or change PORT in .env
2026-03-25 17:38:05 [ERROR]: Port 5000 is already in use. Close the other server or change PORT in .env
2026-03-25 17:38:40 [ERROR]: Port 5000 is already in use. Close the other server or change PORT in .env
2026-03-25 17:39:02 [ERROR]: Port 5000 is already in use. Close the other server or change PORT in .env
2026-03-25 17:39:53 [ERROR]: Port 5000 is already in use. Close the other server or change PORT in .env
2026-03-25 17:40:37 [ERROR]: Port 5000 is already in use. Close the other server or change PORT in .env
2026-03-25 17:40:49 [ERROR]: Port 5000 is already in use. Close the other server or change PORT in .env
2026-03-25 17:41:23 [ERROR]: Port 5000 is already in use. Close the other server or change PORT in .env
2026-03-25 17:41:31 [ERROR]: Port 5000 is already in use. Close the other server or change PORT in .env
2026-03-25 17:41:49 [ERROR]: Port 5000 is already in use. Close the other server or change PORT in .env
2026-03-25 17:41:57 [ERROR]: Port 5000 is already in use. Close the other server or change PORT in .env
2026-03-25 17:42:34 [ERROR]: Port 5000 is already in use. Close the other server or change PORT in .env
2026-03-25 17:43:28 [ERROR]: Port 5000 is already in use. Close the other server or change PORT in .env
2026-03-25 17:43:38 [ERROR]: Port 5000 is already in use. Close the other server or change PORT in .env
2026-03-25 17:43:45 [ERROR]: Port 5000 is already in use. Close the other server or change PORT in .env
2026-03-25 17:46:03 [ERROR]: Port 5000 is already in use. Close the other server or change PORT in .env
2026-03-25 17:49:12 [ERROR]: Scheduler process error: {"0":"r","1":"e","2":"a","3":"d","4":" ","5":"E","6":"C","7":"O","8":"N","9":"N","10":"R","11":"E","12":"S","13":"E","14":"T"}
2026-03-25 17:49:13 [ERROR]: Reminder processing error: {"0":"r","1":"e","2":"a","3":"d","4":" ","5":"E","6":"C","7":"O","8":"N","9":"N","10":"R","11":"E","12":"S","13":"E","14":"T"}
2026-03-25 17:57:40 [ERROR]: Port 5000 is already in use. Close the other server or change PORT in .env
2026-03-25 17:58:32 [ERROR]: Port 5000 is already in use. Close the other server or change PORT in .env
2026-03-25 18:03:33 [ERROR]: AI callLLM error: {"0":"Y","1":"o","2":"u","3":" ","4":"e","5":"x","6":"c","7":"e","8":"e","9":"d","10":"e","11":"d","12":" ","13":"y","14":"o","15":"u","16":"r","17":" ","18":"c","19":"u","20":"r","21":"r","22":"e","23":"n","24":"t","25":" ","26":"q","27":"u","28":"o","29":"t","30":"a","31":",","32":" ","33":"p","34":"l","35":"e","36":"a","37":"s","38":"e","39":" ","40":"c","41":"h","42":"e","43":"c","44":"k","45":" ","46":"y","47":"o","48":"u","49":"r","50":" ","51":"p","52":"l","53":"a","54":"n","55":" ","56":"a","57":"n","58":"d","59":" ","60":"b","61":"i","62":"l","63":"l","64":"i","65":"n","66":"g","67":" ","68":"d","69":"e","70":"t","71":"a","72":"i","73":"l","74":"s","75":".","76":" ","77":"F","78":"o","79":"r","80":" ","81":"m","82":"o","83":"r","84":"e","85":" ","86":"i","87":"n","88":"f","89":"o","90":"r","91":"m","92":"a","93":"t","94":"i","95":"o","96":"n","97":" ","98":"o","99":"n","100":" ","101":"t","102":"h","103":"i","104":"s","105":" ","106":"e","107":"r","108":"r","109":"o","110":"r","111":",","112":" ","113":"r","114":"e","115":"a","116":"d","117":" ","118":"t","119":"h","120":"e","121":" ","122":"d","123":"o","124":"c","125":"s","126":":","127":" ","128":"h","129":"t","130":"t","131":"p","132":"s","133":":","134":"/","135":"/","136":"p","137":"l","138":"a","139":"t","140":"f","141":"o","142":"r","143":"m","144":".","145":"o","146":"p","147":"e","148":"n","149":"a","150":"i","151":".","152":"c","153":"o","154":"m","155":"/","156":"d","157":"o","158":"c","159":"s","160":"/","161":"g","162":"u","163":"i","164":"d","165":"e","166":"s","167":"/","168":"e","169":"r","170":"r","171":"o","172":"r","173":"-","174":"c","175":"o","176":"d","177":"e","178":"s","179":"/","180":"a","181":"p","182":"i","183":"-","184":"e","185":"r","186":"r","187":"o","188":"r","189":"s","190":"."}
2026-03-25 18:03:50 [ERROR]: AI callLLM error: {"0":"Y","1":"o","2":"u","3":" ","4":"e","5":"x","6":"c","7":"e","8":"e","9":"d","10":"e","11":"d","12":" ","13":"y","14":"o","15":"u","16":"r","17":" ","18":"c","19":"u","20":"r","21":"r","22":"e","23":"n","24":"t","25":" ","26":"q","27":"u","28":"o","29":"t","30":"a","31":",","32":" ","33":"p","34":"l","35":"e","36":"a","37":"s","38":"e","39":" ","40":"c","41":"h","42":"e","43":"c","44":"k","45":" ","46":"y","47":"o","48":"u","49":"r","50":" ","51":"p","52":"l","53":"a","54":"n","55":" ","56":"a","57":"n","58":"d","59":" ","60":"b","61":"i","62":"l","63":"l","64":"i","65":"n","66":"g","67":" ","68":"d","69":"e","70":"t","71":"a","72":"i","73":"l","74":"s","75":".","76":" ","77":"F","78":"o","79":"r","80":" ","81":"m","82":"o","83":"r","84":"e","85":" ","86":"i","87":"n","88":"f","89":"o","90":"r","91":"m","92":"a","93":"t","94":"i","95":"o","96":"n","97":" ","98":"o","99":"n","100":" ","101":"t","102":"h","103":"i","104":"s","105":" ","106":"e","107":"r","108":"r","109":"o","110":"r","111":",","112":" ","113":"r","114":"e","115":"a","116":"d","117":" ","118":"t","119":"h","120":"e","121":" ","122":"d","123":"o","124":"c","125":"s","126":":","127":" ","128":"h","129":"t","130":"t","131":"p","132":"s","133":":","134":"/","135":"/","136":"p","137":"l","138":"a","139":"t","140":"f","141":"o","142":"r","143":"m","144":".","145":"o","146":"p","147":"e","148":"n","149":"a","150":"i","151":".","152":"c","153":"o","154":"m","155":"/","156":"d","157":"o","158":"c","159":"s","160":"/","161":"g","162":"u","163":"i","164":"d","165":"e","166":"s","167":"/","168":"e","169":"r","170":"r","171":"o","172":"r","173":"-","174":"c","175":"o","176":"d","177":"e","178":"s","179":"/","180":"a","181":"p","182":"i","183":"-","184":"e","185":"r","186":"r","187":"o","188":"r","189":"s","190":"."}
2026-03-25 18:05:09 [ERROR]: AI callLLM error: {"0":"Y","1":"o","2":"u","3":" ","4":"e","5":"x","6":"c","7":"e","8":"e","9":"d","10":"e","11":"d","12":" ","13":"y","14":"o","15":"u","16":"r","17":" ","18":"c","19":"u","20":"r","21":"r","22":"e","23":"n","24":"t","25":" ","26":"q","27":"u","28":"o","29":"t","30":"a","31":",","32":" ","33":"p","34":"l","35":"e","36":"a","37":"s","38":"e","39":" ","40":"c","41":"h","42":"e","43":"c","44":"k","45":" ","46":"y","47":"o","48":"u","49":"r","50":" ","51":"p","52":"l","53":"a","54":"n","55":" ","56":"a","57":"n","58":"d","59":" ","60":"b","61":"i","62":"l","63":"l","64":"i","65":"n","66":"g","67":" ","68":"d","69":"e","70":"t","71":"a","72":"i","73":"l","74":"s","75":".","76":" ","77":"F","78":"o","79":"r","80":" ","81":"m","82":"o","83":"r","84":"e","85":" ","86":"i","87":"n","88":"f","89":"o","90":"r","91":"m","92":"a","93":"t","94":"i","95":"o","96":"n","97":" ","98":"o","99":"n","100":" ","101":"t","102":"h","103":"i","104":"s","105":" ","106":"e","107":"r","108":"r","109":"o","110":"r","111":",","112":" ","113":"r","114":"e","115":"a","116":"d","117":" ","118":"t","119":"h","120":"e","121":" ","122":"d","123":"o","124":"c","125":"s","126":":","127":" ","128":"h","129":"t","130":"t","131":"p","132":"s","133":":","134":"/","135":"/","136":"p","137":"l","138":"a","139":"t","140":"f","141":"o","142":"r","143":"m","144":".","145":"o","146":"p","147":"e","148":"n","149":"a","150":"i","151":".","152":"c","153":"o","154":"m","155":"/","156":"d","157":"o","158":"c","159":"s","160":"/","161":"g","162":"u","163":"i","164":"d","165":"e","166":"s","167":"/","168":"e","169":"r","170":"r","171":"o","172":"r","173":"-","174":"c","175":"o","176":"d","177":"e","178":"s","179":"/","180":"a","181":"p","182":"i","183":"-","184":"e","185":"r","186":"r","187":"o","188":"r","189":"s","190":"."}
2026-03-25 18:06:30 [ERROR]: Port 5000 is already in use. Close the other server or change PORT in .env
2026-03-25 18:07:50 [ERROR]: Port 5000 is already in use. Close the other server or change PORT in .env
2026-03-25 18:08:27 [ERROR]: AI API error: {"0":"{","1":"\"","2":"e","3":"r","4":"r","5":"o","6":"r","7":"\"","8":":","9":"{","10":"\"","11":"m","12":"e","13":"s","14":"s","15":"a","16":"g","17":"e","18":"\"","19":":","20":"\"","21":"Y","22":"o","23":"u","24":" ","25":"e","26":"x","27":"c","28":"e","29":"e","30":"d","31":"e","32":"d","33":" ","34":"y","35":"o","36":"u","37":"r","38":" ","39":"c","40":"u","41":"r","42":"r","43":"e","44":"n","45":"t","46":" ","47":"q","48":"u","49":"o","50":"t","51":"a","52":",","53":" ","54":"p","55":"l","56":"e","57":"a","58":"s","59":"e","60":" ","61":"c","62":"h","63":"e","64":"c","65":"k","66":" ","67":"y","68":"o","69":"u","70":"r","71":" ","72":"p","73":"l","74":"a","75":"n","76":" ","77":"a","78":"n","79":"d","80":" ","81":"b","82":"i","83":"l","84":"l","85":"i","86":"n","87":"g","88":" ","89":"d","90":"e","91":"t","92":"a","93":"i","94":"l","95":"s","96":".","97":" ","98":"F","99":"o","100":"r","101":" ","102":"m","103":"o","104":"r","105":"e","106":" ","107":"i","108":"n","109":"f","110":"o","111":"r","112":"m","113":"a","114":"t","115":"i","116":"o","117":"n","118":" ","119":"o","120":"n","121":" ","122":"t","123":"h","124":"i","125":"s","126":" ","127":"e","128":"r","129":"r","130":"o","131":"r","132":",","133":" ","134":"r","135":"e","136":"a","137":"d","138":" ","139":"t","140":"h","141":"e","142":" ","143":"d","144":"o","145":"c","146":"s","147":":","148":" ","149":"h","150":"t","151":"t","152":"p","153":"s","154":":","155":"/","156":"/","157":"p","158":"l","159":"a","160":"t","161":"f","162":"o","163":"r","164":"m","165":".","166":"o","167":"p","168":"e","169":"n","170":"a","171":"i","172":".","173":"c","174":"o","175":"m","176":"/","177":"d","178":"o","179":"c","180":"s","181":"/","182":"g","183":"u","184":"i","185":"d","186":"e","187":"s","188":"/","189":"e","190":"r","191":"r","192":"o","193":"r","194":"-","195":"c","196":"o","197":"d","198":"e","199":"s","200":"/","201":"a","202":"p","203":"i","204":"-","205":"e","206":"r","207":"r","208":"o","209":"r","210":"s","211":".","212":"\"","213":",","214":"\"","215":"t","216":"y","217":"p","218":"e","219":"\"","220":":","221":"\"","222":"i","223":"n","224":"s","225":"u","226":"f","227":"f","228":"i","229":"c","230":"i","231":"e","232":"n","233":"t","234":"_","235":"q","236":"u","237":"o","238":"t","239":"a","240":"\"","241":",","242":"\"","243":"p","244":"a","245":"r","246":"a","247":"m","248":"\"","249":":","250":"n","251":"u","252":"l","253":"l","254":",","255":"\"","256":"c","257":"o","258":"d","259":"e","260":"\"","261":":","262":"\"","263":"i","264":"n","265":"s","266":"u","267":"f","268":"f","269":"i","270":"c","271":"i","272":"e","273":"n","274":"t","275":"_","276":"q","277":"u","278":"o","279":"t","280":"a","281":"\"","282":"}","283":"}"}
2026-03-25 18:08:27 [ERROR]: AI callLLM error: {"0":"Y","1":"o","2":"u","3":" ","4":"e","5":"x","6":"c","7":"e","8":"e","9":"d","10":"e","11":"d","12":" ","13":"y","14":"o","15":"u","16":"r","17":" ","18":"c","19":"u","20":"r","21":"r","22":"e","23":"n","24":"t","25":" ","26":"q","27":"u","28":"o","29":"t","30":"a","31":",","32":" ","33":"p","34":"l","35":"e","36":"a","37":"s","38":"e","39":" ","40":"c","41":"h","42":"e","43":"c","44":"k","45":" ","46":"y","47":"o","48":"u","49":"r","50":" ","51":"p","52":"l","53":"a","54":"n","55":" ","56":"a","57":"n","58":"d","59":" ","60":"b","61":"i","62":"l","63":"l","64":"i","65":"n","66":"g","67":" ","68":"d","69":"e","70":"t","71":"a","72":"i","73":"l","74":"s","75":".","76":" ","77":"F","78":"o","79":"r","80":" ","81":"m","82":"o","83":"r","84":"e","85":" ","86":"i","87":"n","88":"f","89":"o","90":"r","91":"m","92":"a","93":"t","94":"i","95":"o","96":"n","97":" ","98":"o","99":"n","100":" ","101":"t","102":"h","103":"i","104":"s","105":" ","106":"e","107":"r","108":"r","109":"o","110":"r","111":",","112":" ","113":"r","114":"e","115":"a","116":"d","117":" ","118":"t","119":"h","120":"e","121":" ","122":"d","123":"o","124":"c","125":"s","126":":","127":" ","128":"h","129":"t","130":"t","131":"p","132":"s","133":":","134":"/","135":"/","136":"p","137":"l","138":"a","139":"t","140":"f","141":"o","142":"r","143":"m","144":".","145":"o","146":"p","147":"e","148":"n","149":"a","150":"i","151":".","152":"c","153":"o","154":"m","155":"/","156":"d","157":"o","158":"c","159":"s","160":"/","161":"g","162":"u","163":"i","164":"d","165":"e","166":"s","167":"/","168":"e","169":"r","170":"r","171":"o","172":"r","173":"-","174":"c","175":"o","176":"d","177":"e","178":"s","179":"/","180":"a","181":"p","182":"i","183":"-","184":"e","185":"r","186":"r","187":"o","188":"r","189":"s","190":"."}
2026-03-25 18:14:03 [ERROR]: Port 5000 is already in use. Close the other server or change PORT in .env
2026-03-25 18:14:15 [ERROR]: Port 5000 is already in use. Close the other server or change PORT in .env
2026-03-25 18:14:46 [ERROR]: Port 5000 is already in use. Close the other server or change PORT in .env
2026-03-25 18:15:33 [ERROR]: Port 5000 is already in use. Close the other server or change PORT in .env
2026-03-25 18:16:18 [ERROR]: Port 5000 is already in use. Close the other server or change PORT in .env
2026-03-25 18:16:42 [ERROR]: Port 5000 is already in use. Close the other server or change PORT in .env
2026-03-25 18:16:58 [ERROR]: AI API error: {"0":"{","1":"\"","2":"e","3":"r","4":"r","5":"o","6":"r","7":"\"","8":":","9":"{","10":"\"","11":"m","12":"e","13":"s","14":"s","15":"a","16":"g","17":"e","18":"\"","19":":","20":"\"","21":"Y","22":"o","23":"u","24":" ","25":"e","26":"x","27":"c","28":"e","29":"e","30":"d","31":"e","32":"d","33":" ","34":"y","35":"o","36":"u","37":"r","38":" ","39":"c","40":"u","41":"r","42":"r","43":"e","44":"n","45":"t","46":" ","47":"q","48":"u","49":"o","50":"t","51":"a","52":",","53":" ","54":"p","55":"l","56":"e","57":"a","58":"s","59":"e","60":" ","61":"c","62":"h","63":"e","64":"c","65":"k","66":" ","67":"y","68":"o","69":"u","70":"r","71":" ","72":"p","73":"l","74":"a","75":"n","76":" ","77":"a","78":"n","79":"d","80":" ","81":"b","82":"i","83":"l","84":"l","85":"i","86":"n","87":"g","88":" ","89":"d","90":"e","91":"t","92":"a","93":"i","94":"l","95":"s","96":".","97":" ","98":"F","99":"o","100":"r","101":" ","102":"m","103":"o","104":"r","105":"e","106":" ","107":"i","108":"n","109":"f","110":"o","111":"r","112":"m","113":"a","114":"t","115":"i","116":"o","117":"n","118":" ","119":"o","120":"n","121":" ","122":"t","123":"h","124":"i","125":"s","126":" ","127":"e","128":"r","129":"r","130":"o","131":"r","132":",","133":" ","134":"r","135":"e","136":"a","137":"d","138":" ","139":"t","140":"h","141":"e","142":" ","143":"d","144":"o","145":"c","146":"s","147":":","148":" ","149":"h","150":"t","151":"t","152":"p","153":"s","154":":","155":"/","156":"/","157":"p","158":"l","159":"a","160":"t","161":"f","162":"o","163":"r","164":"m","165":".","166":"o","167":"p","168":"e","169":"n","170":"a","171":"i","172":".","173":"c","174":"o","175":"m","176":"/","177":"d","178":"o","179":"c","180":"s","181":"/","182":"g","183":"u","184":"i","185":"d","186":"e","187":"s","188":"/","189":"e","190":"r","191":"r","192":"o","193":"r","194":"-","195":"c","196":"o","197":"d","198":"e","199":"s","200":"/","201":"a","202":"p","203":"i","204":"-","205":"e","206":"r","207":"r","208":"o","209":"r","210":"s","211":".","212":"\"","213":",","214":"\"","215":"t","216":"y","217":"p","218":"e","219":"\"","220":":","221":"\"","222":"i","223":"n","224":"s","225":"u","226":"f","227":"f","228":"i","229":"c","230":"i","231":"e","232":"n","233":"t","234":"_","235":"q","236":"u","237":"o","238":"t","239":"a","240":"\"","241":",","242":"\"","243":"p","244":"a","245":"r","246":"a","247":"m","248":"\"","249":":","250":"n","251":"u","252":"l","253":"l","254":",","255":"\"","256":"c","257":"o","258":"d","259":"e","260":"\"","261":":","262":"\"","263":"i","264":"n","265":"s","266":"u","267":"f","268":"f","269":"i","270":"c","271":"i","272":"e","273":"n","274":"t","275":"_","276":"q","277":"u","278":"o","279":"t","280":"a","281":"\"","282":"}","283":"}"}
2026-03-25 18:16:58 [ERROR]: AI callLLM error: {"0":"Y","1":"o","2":"u","3":" ","4":"e","5":"x","6":"c","7":"e","8":"e","9":"d","10":"e","11":"d","12":" ","13":"y","14":"o","15":"u","16":"r","17":" ","18":"c","19":"u","20":"r","21":"r","22":"e","23":"n","24":"t","25":" ","26":"q","27":"u","28":"o","29":"t","30":"a","31":",","32":" ","33":"p","34":"l","35":"e","36":"a","37":"s","38":"e","39":" ","40":"c","41":"h","42":"e","43":"c","44":"k","45":" ","46":"y","47":"o","48":"u","49":"r","50":" ","51":"p","52":"l","53":"a","54":"n","55":" ","56":"a","57":"n","58":"d","59":" ","60":"b","61":"i","62":"l","63":"l","64":"i","65":"n","66":"g","67":" ","68":"d","69":"e","70":"t","71":"a","72":"i","73":"l","74":"s","75":".","76":" ","77":"F","78":"o","79":"r","80":" ","81":"m","82":"o","83":"r","84":"e","85":" ","86":"i","87":"n","88":"f","89":"o","90":"r","91":"m","92":"a","93":"t","94":"i","95":"o","96":"n","97":" ","98":"o","99":"n","100":" ","101":"t","102":"h","103":"i","104":"s","105":" ","106":"e","107":"r","108":"r","109":"o","110":"r","111":",","112":" ","113":"r","114":"e","115":"a","116":"d","117":" ","118":"t","119":"h","120":"e","121":" ","122":"d","123":"o","124":"c","125":"s","126":":","127":" ","128":"h","129":"t","130":"t","131":"p","132":"s","133":":","134":"/","135":"/","136":"p","137":"l","138":"a","139":"t","140":"f","141":"o","142":"r","143":"m","144":".","145":"o","146":"p","147":"e","148":"n","149":"a","150":"i","151":".","152":"c","153":"o","154":"m","155":"/","156":"d","157":"o","158":"c","159":"s","160":"/","161":"g","162":"u","163":"i","164":"d","165":"e","166":"s","167":"/","168":"e","169":"r","170":"r","171":"o","172":"r","173":"-","174":"c","175":"o","176":"d","177":"e","178":"s","179":"/","180":"a","181":"p","182":"i","183":"-","184":"e","185":"r","186":"r","187":"o","188":"r","189":"s","190":"."}
2026-03-25 18:17:07 [ERROR]: Port 5000 is already in use. Close the other server or change PORT in .env
2026-03-25 18:27:01 [ERROR]: Port 5000 is already in use. Close the other server or change PORT in .env
2026-03-25 18:27:12 [ERROR]: Port 5000 is already in use. Close the other server or change PORT in .env
2026-03-25 18:27:49 [ERROR]: Port 5000 is already in use. Close the other server or change PORT in .env
2026-03-25 18:28:40 [ERROR]: AI callLLM error: {"0":"f","1":"e","2":"t","3":"c","4":"h","5":" ","6":"f","7":"a","8":"i","9":"l","10":"e","11":"d"}
2026-03-25 18:35:22 [ERROR]: AI callLLM error: {"0":"f","1":"e","2":"t","3":"c","4":"h","5":" ","6":"f","7":"a","8":"i","9":"l","10":"e","11":"d"}
2026-03-25 18:36:58 [ERROR]: Port 5000 is already in use. Close the other server or change PORT in .env
2026-03-25 18:38:58 [ERROR]: Port 5000 is already in use. Close the other server or change PORT in .env
2026-03-25 18:41:10 [ERROR]: AI API error: {"0":"{","1":"\"","2":"e","3":"r","4":"r","5":"o","6":"r","7":"\"","8":":","9":"{","10":"\"","11":"m","12":"e","13":"s","14":"s","15":"a","16":"g","17":"e","18":"\"","19":":","20":"\"","21":"I","22":"n","23":"v","24":"a","25":"l","26":"i","27":"d","28":" ","29":"A","30":"P","31":"I","32":" ","33":"K","34":"e","35":"y","36":"\"","37":",","38":"\"","39":"t","40":"y","41":"p","42":"e","43":"\"","44":":","45":"\"","46":"i","47":"n","48":"v","49":"a","50":"l","51":"i","52":"d","53":"_","54":"r","55":"e","56":"q","57":"u","58":"e","59":"s","60":"t","61":"_","62":"e","63":"r","64":"r","65":"o","66":"r","67":"\"","68":",","69":"\"","70":"c","71":"o","72":"d","73":"e","74":"\"","75":":","76":"\"","77":"i","78":"n","79":"v","80":"a","81":"l","82":"i","83":"d","84":"_","85":"a","86":"p","87":"i","88":"_","89":"k","90":"e","91":"y","92":"\"","93":"}","94":"}"}
2026-03-25 18:41:10 [ERROR]: AI callLLM error: {"0":"I","1":"n","2":"v","3":"a","4":"l","5":"i","6":"d","7":" ","8":"A","9":"P","10":"I","11":" ","12":"K","13":"e","14":"y"}
2026-03-25 18:41:10 [ERROR]: Uncaught Exception: EPIPE: broken pipe, write {"errno":-4047,"syscall":"write","code":"EPIPE","stack":"Error: EPIPE: broken pipe, write\n    at Socket._write (node:internal/net:63:18)\n    at writeOrBuffer (node:internal/streams/writable:572:12)\n    at _write (node:internal/streams/writable:501:10)\n    at Writable.write (node:internal/streams/writable:510:10)\n    at Console.log (C:\\Coder 2.0\\RealTimeChat\\QuickChat-Full-Stack\\server\\node_modules\\winston\\lib\\winston\\transports\\console.js:87:23)\n    at Console._write (C:\\Coder 2.0\\RealTimeChat\\QuickChat-Full-Stack\\server\\node_modules\\winston-transport\\modern.js:103:17)\n    at doWrite (C:\\Coder 2.0\\RealTimeChat\\QuickChat-Full-Stack\\server\\node_modules\\readable-stream\\lib\\_stream_writable.js:390:139)\n    at writeOrBuffer (C:\\Coder 2.0\\RealTimeChat\\QuickChat-Full-Stack\\server\\node_modules\\readable-stream\\lib\\_stream_writable.js:381:5)\n    at Writable.write (C:\\Coder 2.0\\RealTimeChat\\QuickChat-Full-Stack\\server\\node_modules\\readable-stream\\lib\\_stream_writable.js:302:11)\n    at DerivedLogger.ondata (C:\\Coder 2.0\\RealTimeChat\\QuickChat-Full-Stack\\server\\node_modules\\readable-stream\\lib\\_stream_readable.js:629:20)"}
2026-03-25 18:41:10 [ERROR]: Uncaught Exception: EPIPE: broken pipe, write {"errno":-4047,"syscall":"write","code":"EPIPE","stack":"Error: EPIPE: broken pipe, write\n    at Socket._write (node:internal/net:63:18)\n    at writeOrBuffer (node:internal/streams/writable:572:12)\n    at _write (node:internal/streams/writable:501:10)\n    at Writable.write (node:internal/streams/writable:510:10)\n    at Console.log (C:\\Coder 2.0\\RealTimeChat\\QuickChat-Full-Stack\\server\\node_modules\\winston\\lib\\winston\\transports\\console.js:87:23)\n    at Console._write (C:\\Coder 2.0\\RealTimeChat\\QuickChat-Full-Stack\\server\\node_modules\\winston-transport\\modern.js:103:17)\n    at doWrite (C:\\Coder 2.0\\RealTimeChat\\QuickChat-Full-Stack\\server\\node_modules\\readable-stream\\lib\\_stream_writable.js:390:139)\n    at writeOrBuffer (C:\\Coder 2.0\\RealTimeChat\\QuickChat-Full-Stack\\server\\node_modules\\readable-stream\\lib\\_stream_writable.js:381:5)\n    at Writable.write (C:\\Coder 2.0\\RealTimeChat\\QuickChat-Full-Stack\\server\\node_modules\\readable-stream\\lib\\_stream_writable.js:302:11)\n    at DerivedLogger.ondata (C:\\Coder 2.0\\RealTimeChat\\QuickChat-Full-Stack\\server\\node_modules\\readable-stream\\lib\\_stream_readable.js:629:20)"}
2026-03-25 18:41:10 [ERROR]: Uncaught Exception: EPIPE: broken pipe, write {"errno":-4047,"syscall":"write","code":"EPIPE","stack":"Error: EPIPE: broken pipe, write\n    at Socket._write (node:internal/net:63:18)\n    at writeOrBuffer (node:internal/streams/writable:572:12)\n    at _write (node:internal/streams/writable:501:10)\n    at Writable.write (node:internal/streams/writable:510:10)\n    at Console.log (C:\\Coder 2.0\\RealTimeChat\\QuickChat-Full-Stack\\server\\node_modules\\winston\\lib\\winston\\transports\\console.js:87:23)\n    at Console._write (C:\\Coder 2.0\\RealTimeChat\\QuickChat-Full-Stack\\server\\node_modules\\winston-transport\\modern.js:103:17)\n    at doWrite (C:\\Coder 2.0\\RealTimeChat\\QuickChat-Full-Stack\\server\\node_modules\\readable-stream\\lib\\_stream_writable.js:390:139)\n    at writeOrBuffer (C:\\Coder 2.0\\RealTimeChat\\QuickChat-Full-Stack\\server\\node_modules\\readable-stream\\lib\\_stream_writable.js:381:5)\n    at Writable.write (C:\\Coder 2.0\\RealTimeChat\\QuickChat-Full-Stack\\server\\node_modules\\readable-stream\\lib\\_stream_writable.js:302:11)\n    at DerivedLogger.ondata (C:\\Coder 2.0\\RealTimeChat\\QuickChat-Full-Stack\\server\\node_modules\\readable-stream\\lib\\_stream_readable.js:629:20)"}
2026-03-25 18:41:10 [ERROR]: Uncaught Exception: EPIPE: broken pipe, write {"errno":-4047,"syscall":"write","code":"EPIPE","stack":"Error: EPIPE: broken pipe, write\n    at Socket._write (node:internal/net:63:18)\n    at writeOrBuffer (node:internal/streams/writable:572:12)\n    at _write (node:internal/streams/writable:501:10)\n    at Writable.write (node:internal/streams/writable:510:10)\n    at Console.log (C:\\Coder 2.0\\RealTimeChat\\QuickChat-Full-Stack\\server\\node_modules\\winston\\lib\\winston\\transports\\console.js:87:23)\n    at Console._write (C:\\Coder 2.0\\RealTimeChat\\QuickChat-Full-Stack\\server\\node_modules\\winston-transport\\modern.js:103:17)\n    at doWrite (C:\\Coder 2.0\\RealTimeChat\\QuickChat-Full-Stack\\server\\node_modules\\readable-stream\\lib\\_stream_writable.js:390:139)\n    at writeOrBuffer (C:\\Coder 2.0\\RealTimeChat\\QuickChat-Full-Stack\\server\\node_modules\\readable-stream\\lib\\_stream_writable.js:381:5)\n    at Writable.write (C:\\Coder 2.0\\RealTimeChat\\QuickChat-Full-Stack\\server\\node_modules\\readable-stream\\lib\\_stream_writable.js:302:11)\n    at DerivedLogger.ondata (C:\\Coder 2.0\\RealTimeChat\\QuickChat-Full-Stack\\server\\node_modules\\readable-stream\\lib\\_stream_readable.js:629:20)"}
2026-03-25 18:41:10 [ERROR]: Uncaught Exception: EPIPE: broken pipe, write {"errno":-4047,"syscall":"write","code":"EPIPE","stack":"Error: EPIPE: broken pipe, write\n    at Socket._write (node:internal/net:63:18)\n    at writeOrBuffer (node:internal/streams/writable:572:12)\n    at _write (node:internal/streams/writable:501:10)\n    at Writable.write (node:internal/streams/writable:510:10)\n    at Console.log (C:\\Coder 2.0\\RealTimeChat\\QuickChat-Full-Stack\\server\\node_modules\\winston\\lib\\winston\\transports\\console.js:87:23)\n    at Console._write (C:\\Coder 2.0\\RealTimeChat\\QuickChat-Full-Stack\\server\\node_modules\\winston-transport\\modern.js:103:17)\n    at doWrite (C:\\Coder 2.0\\RealTimeChat\\QuickChat-Full-Stack\\server\\node_modules\\readable-stream\\lib\\_stream_writable.js:390:139)\n    at writeOrBuffer (C:\\Coder 2.0\\RealTimeChat\\QuickChat-Full-Stack\\server\\node_modules\\readable-stream\\lib\\_stream_writable.js:381:5)\n    at Writable.write (C:\\Coder 2.0\\RealTimeChat\\QuickChat-Full-Stack\\server\\node_modules\\readable-stream\\lib\\_stream_writable.js:302:11)\n    at DerivedLogger.ondata (C:\\Coder 2.0\\RealTimeChat\\QuickChat-Full-Stack\\server\\node_modules\\readable-stream\\lib\\_stream_readable.js:629:20)"}
2026-03-25 18:41:10 [ERROR]: Uncaught Exception: EPIPE: broken pipe, write {"errno":-4047,"syscall":"write","code":"EPIPE","stack":"Error: EPIPE: broken pipe, write\n    at Socket._write (node:internal/net:63:18)\n    at writeOrBuffer (node:internal/streams/writable:572:12)\n    at _write (node:internal/streams/writable:501:10)\n    at Writable.write (node:internal/streams/writable:510:10)\n    at Console.log (C:\\Coder 2.0\\RealTimeChat\\QuickChat-Full-Stack\\server\\node_modules\\winston\\lib\\winston\\transports\\console.js:87:23)\n    at Console._write (C:\\Coder 2.0\\RealTimeChat\\QuickChat-Full-Stack\\server\\node_modules\\winston-transport\\modern.js:103:17)\n    at doWrite (C:\\Coder 2.0\\RealTimeChat\\QuickChat-Full-Stack\\server\\node_modules\\readable-stream\\lib\\_stream_writable.js:390:139)\n    at writeOrBuffer (C:\\Coder 2.0\\RealTimeChat\\QuickChat-Full-Stack\\server\\node_modules\\readable-stream\\lib\\_stream_writable.js:381:5)\n    at Writable.write (C:\\Coder 2.0\\RealTimeChat\\QuickChat-Full-Stack\\server\\node_modules\\readable-stream\\lib\\_stream_writable.js:302:11)\n    at DerivedLogger.ondata (C:\\Coder 2.0\\RealTimeChat\\QuickChat-Full-Stack\\server\\node_modules\\readable-stream\\lib\\_stream_readable.js:629:20)"}
2026-03-25 18:41:10 [ERROR]: Uncaught Exception: EPIPE: broken pipe, write {"errno":-4047,"syscall":"write","code":"EPIPE","stack":"Error: EPIPE: broken pipe, write\n    at Socket._write (node:internal/net:63:18)\n    at writeOrBuffer (node:internal/streams/writable:572:12)\n    at _write (node:internal/streams/writable:501:10)\n    at Writable.write (node:internal/streams/writable:510:10)\n    at Console.log (C:\\Coder 2.0\\RealTimeChat\\QuickChat-Full-Stack\\server\\node_modules\\winston\\lib\\winston\\transports\\console.js:87:23)\n    at Console._write (C:\\Coder 2.0\\RealTimeChat\\QuickChat-Full-Stack\\server\\node_modules\\winston-transport\\modern.js:103:17)\n    at doWrite (C:\\Coder 2.0\\RealTimeChat\\QuickChat-Full-Stack\\server\\node_modules\\readable-stream\\lib\\_stream_writable.js:390:139)\n    at writeOrBuffer (C:\\Coder 2.0\\RealTimeChat\\QuickChat-Full-Stack\\server\\node_modules\\readable-stream\\lib\\_stream_writable.js:381:5)\n    at Writable.write (C:\\Coder 2.0\\RealTimeChat\\QuickChat-Full-Stack\\server\\node_modules\\readable-stream\\lib\\_stream_writable.js:302:11)\n    at DerivedLogger.ondata (C:\\Coder 2.0\\RealTimeChat\\QuickChat-Full-Stack\\server\\node_modules\\readable-stream\\lib\\_stream_readable.js:629:20)"}
2026-03-25 18:41:10 [ERROR]: Uncaught Exception: EPIPE: broken pipe, write {"errno":-4047,"syscall":"write","code":"EPIPE","stack":"Error: EPIPE: broken pipe, write\n    at Socket._write (node:internal/net:63:18)\n    at writeOrBuffer (node:internal/streams/writable:572:12)\n    at _write (node:internal/streams/writable:501:10)\n    at Writable.write (node:internal/streams/writable:510:10)\n    at Console.log (C:\\Coder 2.0\\RealTimeChat\\QuickChat-Full-Stack\\server\\node_modules\\winston\\lib\\winston\\transports\\console.js:87:23)\n    at Console._write (C:\\Coder 2.0\\RealTimeChat\\QuickChat-Full-Stack\\server\\node_modules\\winston-transport\\modern.js:103:17)\n    at doWrite (C:\\Coder 2.0\\RealTimeChat\\QuickChat-Full-Stack\\server\\node_modules\\readable-stream\\lib\\_stream_writable.js:390:139)\n    at writeOrBuffer (C:\\Coder 2.0\\RealTimeChat\\QuickChat-Full-Stack\\server\\node_modules\\readable-stream\\lib\\_stream_writable.js:381:5)\n    at Writable.write (C:\\Coder 2.0\\RealTimeChat\\QuickChat-Full-Stack\\server\\node_modules\\readable-stream\\lib\\_stream_writable.js:302:11)\n    at DerivedLogger.ondata (C:\\Coder 2.0\\RealTimeChat\\QuickChat-Full-Stack\\server\\node_modules\\readable-stream\\lib\\_stream_readable.js:629:20)"}
2026-03-25 18:41:10 [ERROR]: Uncaught Exception: EPIPE: broken pipe, write {"errno":-4047,"syscall":"write","code":"EPIPE","stack":"Error: EPIPE: broken pipe, write\n    at Socket._write (node:internal/net:63:18)\n    at writeOrBuffer (node:internal/streams/writable:572:12)\n    at _write (node:internal/streams/writable:501:10)\n    at Writable.write (node:internal/streams/writable:510:10)\n    at Console.log (C:\\Coder 2.0\\RealTimeChat\\QuickChat-Full-Stack\\server\\node_modules\\winston\\lib\\winston\\transports\\console.js:87:23)\n    at Console._write (C:\\Coder 2.0\\RealTimeChat\\QuickChat-Full-Stack\\server\\node_modules\\winston-transport\\modern.js:103:17)\n    at doWrite (C:\\Coder 2.0\\RealTimeChat\\QuickChat-Full-Stack\\server\\node_modules\\readable-stream\\lib\\_stream_writable.js:390:139)\n    at writeOrBuffer (C:\\Coder 2.0\\RealTimeChat\\QuickChat-Full-Stack\\server\\node_modules\\readable-stream\\lib\\_stream_writable.js:381:5)\n    at Writable.write (C:\\Coder 2.0\\RealTimeChat\\QuickChat-Full-Stack\\server\\node_modules\\readable-stream\\lib\\_stream_writable.js:302:11)\n    at DerivedLogger.ondata (C:\\Coder 2.0\\RealTimeChat\\QuickChat-Full-Stack\\server\\node_modules\\readable-stream\\lib\\_stream_readable.js:629:20)"}
2026-03-25 18:41:10 [ERROR]: Uncaught Exception: EPIPE: broken pipe, write {"errno":-4047,"syscall":"write","code":"EPIPE","stack":"Error: EPIPE: broken pipe, write\n    at Socket._write (node:internal/net:63:18)\n    at writeOrBuffer (node:internal/streams/writable:572:12)\n    at _write (node:internal/streams/writable:501:10)\n    at Writable.write (node:internal/streams/writable:510:10)\n    at Console.log (C:\\Coder 2.0\\RealTimeChat\\QuickChat-Full-Stack\\server\\node_modules\\winston\\lib\\winston\\transports\\console.js:87:23)\n    at Console._write (C:\\Coder 2.0\\RealTimeChat\\QuickChat-Full-Stack\\server\\node_modules\\winston-transport\\modern.js:103:17)\n    at doWrite (C:\\Coder 2.0\\RealTimeChat\\QuickChat-Full-Stack\\server\\node_modules\\readable-stream\\lib\\_stream_writable.js:390:139)\n    at writeOrBuffer (C:\\Coder 2.0\\RealTimeChat\\QuickChat-Full-Stack\\server\\node_modules\\readable-stream\\lib\\_stream_writable.js:381:5)\n    at Writable.write (C:\\Coder 2.0\\RealTimeChat\\QuickChat-Full-Stack\\server\\node_modules\\readable-stream\\lib\\_stream_writable.js:302:11)\n    at DerivedLogger.ondata (C:\\Coder 2.0\\RealTimeChat\\QuickChat-Full-Stack\\server\\node_modules\\readable-stream\\lib\\_stream_readable.js:629:20)"}
2026-03-25 18:41:10 [ERROR]: Uncaught Exception: EPIPE: broken pipe, write {"errno":-4047,"syscall":"write","code":"EPIPE","stack":"Error: EPIPE: broken pipe, write\n    at Socket._write (node:internal/net:63:18)\n    at writeOrBuffer (node:internal/streams/writable:572:12)\n    at _write (node:internal/streams/writable:501:10)\n    at Writable.write (node:internal/streams/writable:510:10)\n    at Console.log (C:\\Coder 2.0\\RealTimeChat\\QuickChat-Full-Stack\\server\\node_modules\\winston\\lib\\winston\\transports\\console.js:87:23)\n    at Console._write (C:\\Coder 2.0\\RealTimeChat\\QuickChat-Full-Stack\\server\\node_modules\\winston-transport\\modern.js:103:17)\n    at doWrite (C:\\Coder 2.0\\RealTimeChat\\QuickChat-Full-Stack\\server\\node_modules\\readable-stream\\lib\\_stream_writable.js:390:139)\n    at writeOrBuffer (C:\\Coder 2.0\\RealTimeChat\\QuickChat-Full-Stack\\server\\node_modules\\readable-stream\\lib\\_stream_writable.js:381:5)\n    at Writable.write (C:\\Coder 2.0\\RealTimeChat\\QuickChat-Full-Stack\\server\\node_modules\\readable-stream\\lib\\_stream_writable.js:302:11)\n    at DerivedLogger.ondata (C:\\Coder 2.0\\RealTimeChat\\QuickChat-Full-Stack\\server\\node_modules\\readable-stream\\lib\\_stream_readable.js:629:20)"}
2026-03-25 18:41:10 [ERROR]: Uncaught Exception: EPIPE: broken pipe, write {"errno":-4047,"syscall":"write","code":"EPIPE","stack":"Error: EPIPE: broken pipe, write\n    at Socket._write (node:internal/net:63:18)\n    at writeOrBuffer (node:internal/streams/writable:572:12)\n    at _write (node:internal/streams/writable:501:10)\n    at Writable.write (node:internal/streams/writable:510:10)\n    at Console.log (C:\\Coder 2.0\\RealTimeChat\\QuickChat-Full-Stack\\server\\node_modules\\winston\\lib\\winston\\transports\\console.js:87:23)\n    at Console._write (C:\\Coder 2.0\\RealTimeChat\\QuickChat-Full-Stack\\server\\node_modules\\winston-transport\\modern.js:103:17)\n    at doWrite (C:\\Coder 2.0\\RealTimeChat\\QuickChat-Full-Stack\\server\\node_modules\\readable-stream\\lib\\_stream_writable.js:390:139)\n    at writeOrBuffer (C:\\Coder 2.0\\RealTimeChat\\QuickChat-Full-Stack\\server\\node_modules\\readable-stream\\lib\\_stream_writable.js:381:5)\n    at Writable.write (C:\\Coder 2.0\\RealTimeChat\\QuickChat-Full-Stack\\server\\node_modules\\readable-stream\\lib\\_stream_writable.js:302:11)\n    at DerivedLogger.ondata (C:\\Coder 2.0\\RealTimeChat\\QuickChat-Full-Stack\\server\\node_modules\\readable-stream\\lib\\_stream_readable.js:629:20)"}
2026-03-25 18:41:10 [ERROR]: Uncaught Exception: EPIPE: broken pipe, write {"errno":-4047,"syscall":"write","code":"EPIPE","stack":"Error: EPIPE: broken pipe, write\n    at Socket._write (node:internal/net:63:18)\n    at writeOrBuffer (node:internal/streams/writable:572:12)\n    at _write (node:internal/streams/writable:501:10)\n    at Writable.write (node:internal/streams/writable:510:10)\n    at Console.log (C:\\Coder 2.0\\RealTimeChat\\QuickChat-Full-Stack\\server\\node_modules\\winston\\lib\\winston\\transports\\console.js:87:23)\n    at Console._write (C:\\Coder 2.0\\RealTimeChat\\QuickChat-Full-Stack\\server\\node_modules\\winston-transport\\modern.js:103:17)\n    at doWrite (C:\\Coder 2.0\\RealTimeChat\\QuickChat-Full-Stack\\server\\node_modules\\readable-stream\\lib\\_stream_writable.js:390:139)\n    at writeOrBuffer (C:\\Coder 2.0\\RealTimeChat\\QuickChat-Full-Stack\\server\\node_modules\\readable-stream\\lib\\_stream_writable.js:381:5)\n    at Writable.write (C:\\Coder 2.0\\RealTimeChat\\QuickChat-Full-Stack\\server\\node_modules\\readable-stream\\lib\\_stream_writable.js:302:11)\n    at DerivedLogger.ondata (C:\\Coder 2.0\\RealTimeChat\\QuickChat-Full-Stack\\server\\node_modules\\readable-stream\\lib\\_stream_readable.js:629:20)"}
2026-03-25 18:41:10 [ERROR]: Uncaught Exception: EPIPE: broken pipe, write {"errno":-4047,"syscall":"write","code":"EPIPE","stack":"Error: EPIPE: broken pipe, write\n    at Socket._write (node:internal/net:63:18)\n    at writeOrBuffer (node:internal/streams/writable:572:12)\n    at _write (node:internal/streams/writable:501:10)\n    at Writable.write (node:internal/streams/writable:510:10)\n    at Console.log (C:\\Coder 2.0\\RealTimeChat\\QuickChat-Full-Stack\\server\\node_modules\\winston\\lib\\winston\\transports\\console.js:87:23)\n    at Console._write (C:\\Coder 2.0\\RealTimeChat\\QuickChat-Full-Stack\\server\\node_modules\\winston-transport\\modern.js:103:17)\n    at doWrite (C:\\Coder 2.0\\RealTimeChat\\QuickChat-Full-Stack\\server\\node_modules\\readable-stream\\lib\\_stream_writable.js:390:139)\n    at writeOrBuffer (C:\\Coder 2.0\\RealTimeChat\\QuickChat-Full-Stack\\server\\node_modules\\readable-stream\\lib\\_stream_writable.js:381:5)\n    at Writable.write (C:\\Coder 2.0\\RealTimeChat\\QuickChat-Full-Stack\\server\\node_modules\\readable-stream\\lib\\_stream_writable.js:302:11)\n    at DerivedLogger.ondata (C:\\Coder 2.0\\RealTimeChat\\QuickChat-Full-Stack\\server\\node_modules\\readable-stream\\lib\\_stream_readable.js:629:20)"}
2026-03-25 18:41:10 [ERROR]: Uncaught Exception: EPIPE: broken pipe, write {"errno":-4047,"syscall":"write","code":"EPIPE","stack":"Error: EPIPE: broken pipe, write\n    at Socket._write (node:internal/net:63:18)\n    at writeOrBuffer (node:internal/streams/writable:572:12)\n    at _write (node:internal/streams/writable:501:10)\n    at Writable.write (node:internal/streams/writable:510:10)\n    at Console.log (C:\\Coder 2.0\\RealTimeChat\\QuickChat-Full-Stack\\server\\node_modules\\winston\\lib\\winston\\transports\\console.js:87:23)\n    at Console._write (C:\\Coder 2.0\\RealTimeChat\\QuickChat-Full-Stack\\server\\node_modules\\winston-transport\\modern.js:103:17)\n    at doWrite (C:\\Coder 2.0\\RealTimeChat\\QuickChat-Full-Stack\\server\\node_modules\\readable-stream\\lib\\_stream_writable.js:390:139)\n    at writeOrBuffer (C:\\Coder 2.0\\RealTimeChat\\QuickChat-Full-Stack\\server\\node_modules\\readable-stream\\lib\\_stream_writable.js:381:5)\n    at Writable.write (C:\\Coder 2.0\\RealTimeChat\\QuickChat-Full-Stack\\server\\node_modules\\readable-stream\\lib\\_stream_writable.js:302:11)\n    at DerivedLogger.ondata (C:\\Coder 2.0\\RealTimeChat\\QuickChat-Full-Stack\\server\\node_modules\\readable-stream\\lib\\_stream_readable.js:629:20)"}
2026-03-25 18:41:10 [ERROR]: Uncaught Exception: EPIPE: broken pipe, write {"errno":-4047,"syscall":"write","code":"EPIPE","stack":"Error: EPIPE: broken pipe, write\n    at Socket._write (node:internal/net:63:18)\n    at writeOrBuffer (node:internal/streams/writable:572:12)\n    at _write (node:internal/streams/writable:501:10)\n    at Writable.write (node:internal/streams/writable:510:10)\n    at Console.log (C:\\Coder 2.0\\RealTimeChat\\QuickChat-Full-Stack\\server\\node_modules\\winston\\lib\\winston\\transports\\console.js:87:23)\n    at Console._write (C:\\Coder 2.0\\RealTimeChat\\QuickChat-Full-Stack\\server\\node_modules\\winston-transport\\modern.js:103:17)\n    at doWrite (C:\\Coder 2.0\\RealTimeChat\\QuickChat-Full-Stack\\server\\node_modules\\readable-stream\\lib\\_stream_writable.js:390:139)\n    at writeOrBuffer (C:\\Coder 2.0\\RealTimeChat\\QuickChat-Full-Stack\\server\\node_modules\\readable-stream\\lib\\_stream_writable.js:381:5)\n    at Writable.write (C:\\Coder 2.0\\RealTimeChat\\QuickChat-Full-Stack\\server\\node_modules\\readable-stream\\lib\\_stream_writable.js:302:11)\n    at DerivedLogger.ondata (C:\\Coder 2.0\\RealTimeChat\\QuickChat-Full-Stack\\server\\node_modules\\readable-stream\\lib\\_stream_readable.js:629:20)"}
2026-03-25 18:41:10 [ERROR]: Uncaught Exception: EPIPE: broken pipe, write {"errno":-4047,"syscall":"write","code":"EPIPE","stack":"Error: EPIPE: broken pipe, write\n    at Socket._write (node:internal/net:63:18)\n    at writeOrBuffer (node:internal/streams/writable:572:12)\n    at _write (node:internal/streams/writable:501:10)\n    at Writable.write (node:internal/streams/writable:510:10)\n    at Console.log (C:\\Coder 2.0\\RealTimeChat\\QuickChat-Full-Stack\\server\\node_modules\\winston\\lib\\winston\\transports\\console.js:87:23)\n    at Console._write (C:\\Coder 2.0\\RealTimeChat\\QuickChat-Full-Stack\\server\\node_modules\\winston-transport\\modern.js:103:17)\n    at doWrite (C:\\Coder 2.0\\RealTimeChat\\QuickChat-Full-Stack\\server\\node_modules\\readable-stream\\lib\\_stream_writable.js:390:139)\n    at writeOrBuffer (C:\\Coder 2.0\\RealTimeChat\\QuickChat-Full-Stack\\server\\node_modules\\readable-stream\\lib\\_stream_writable.js:381:5)\n    at Writable.write (C:\\Coder 2.0\\RealTimeChat\\QuickChat-Full-Stack\\server\\node_modules\\readable-stream\\lib\\_stream_writable.js:302:11)\n    at DerivedLogger.ondata (C:\\Coder 2.0\\RealTimeChat\\QuickChat-Full-Stack\\server\\node_modules\\readable-stream\\lib\\_stream_readable.js:629:20)"}
2026-03-25 18:41:10 [ERROR]: Uncaught Exception: EPIPE: broken pipe, write {"errno":-4047,"syscall":"write","code":"EPIPE","stack":"Error: EPIPE: broken pipe, write\n    at Socket._write (node:internal/net:63:18)\n    at writeOrBuffer (node:internal/streams/writable:572:12)\n    at _write (node:internal/streams/writable:501:10)\n    at Writable.write (node:internal/streams/writable:510:10)\n    at Console.log (C:\\Coder 2.0\\RealTimeChat\\QuickChat-Full-Stack\\server\\node_modules\\winston\\lib\\winston\\transports\\console.js:87:23)\n    at Console._write (C:\\Coder 2.0\\RealTimeChat\\QuickChat-Full-Stack\\server\\node_modules\\winston-transport\\modern.js:103:17)\n    at doWrite (C:\\Coder 2.0\\RealTimeChat\\QuickChat-Full-Stack\\server\\node_modules\\readable-stream\\lib\\_stream_writable.js:390:139)\n    at writeOrBuffer (C:\\Coder 2.0\\RealTimeChat\\QuickChat-Full-Stack\\server\\node_modules\\readable-stream\\lib\\_stream_writable.js:381:5)\n    at Writable.write (C:\\Coder 2.0\\RealTimeChat\\QuickChat-Full-Stack\\server\\node_modules\\readable-stream\\lib\\_stream_writable.js:302:11)\n    at DerivedLogger.ondata (C:\\Coder 2.0\\RealTimeChat\\QuickChat-Full-Stack\\server\\node_modules\\readable-stream\\lib\\_stream_readable.js:629:20)"}
2026-03-25 18:41:10 [ERROR]: Uncaught Exception: EPIPE: broken pipe, write {"errno":-4047,"syscall":"write","code":"EPIPE","stack":"Error: EPIPE: broken pipe, write\n    at Socket._write (node:internal/net:63:18)\n    at writeOrBuffer (node:internal/streams/writable:572:12)\n    at _write (node:internal/streams/writable:501:10)\n    at Writable.write (node:internal/streams/writable:510:10)\n    at Console.log (C:\\Coder 2.0\\RealTimeChat\\QuickChat-Full-Stack\\server\\node_modules\\winston\\lib\\winston\\transports\\console.js:87:23)\n    at Console._write (C:\\Coder 2.0\\RealTimeChat\\QuickChat-Full-Stack\\server\\node_modules\\winston-transport\\modern.js:103:17)\n    at doWrite (C:\\Coder 2.0\\RealTimeChat\\QuickChat-Full-Stack\\server\\node_modules\\readable-stream\\lib\\_stream_writable.js:390:139)\n    at writeOrBuffer (C:\\Coder 2.0\\RealTimeChat\\QuickChat-Full-Stack\\server\\node_modules\\readable-stream\\lib\\_stream_writable.js:381:5)\n    at Writable.write (C:\\Coder 2.0\\RealTimeChat\\QuickChat-Full-Stack\\server\\node_modules\\readable-stream\\lib\\_stream_writable.js:302:11)\n    at DerivedLogger.ondata (C:\\Coder 2.0\\RealTimeChat\\QuickChat-Full-Stack\\server\\node_modules\\readable-stream\\lib\\_stream_readable.js:629:20)"}
2026-03-25 18:41:10 [ERROR]: Uncaught Exception: EPIPE: broken pipe, write {"errno":-4047,"syscall":"write","code":"EPIPE","stack":"Error: EPIPE: broken pipe, write\n    at Socket._write (node:internal/net:63:18)\n    at writeOrBuffer (node:internal/streams/writable:572:12)\n    at _write (node:internal/streams/writable:501:10)\n    at Writable.write (node:internal/streams/writable:510:10)\n    at Console.log (C:\\Coder 2.0\\RealTimeChat\\QuickChat-Full-Stack\\server\\node_modules\\winston\\lib\\winston\\transports\\console.js:87:23)\n    at Console._write (C:\\Coder 2.0\\RealTimeChat\\QuickChat-Full-Stack\\server\\node_modules\\winston-transport\\modern.js:103:17)\n    at doWrite (C:\\Coder 2.0\\RealTimeChat\\QuickChat-Full-Stack\\server\\node_modules\\readable-stream\\lib\\_stream_writable.js:390:139)\n    at writeOrBuffer (C:\\Coder 2.0\\RealTimeChat\\QuickChat-Full-Stack\\server\\node_modules\\readable-stream\\lib\\_stream_writable.js:381:5)\n    at Writable.write (C:\\Coder 2.0\\RealTimeChat\\QuickChat-Full-Stack\\server\\node_modules\\readable-stream\\lib\\_stream_writable.js:302:11)\n    at DerivedLogger.ondata (C:\\Coder 2.0\\RealTimeChat\\QuickChat-Full-Stack\\server\\node_modules\\readable-stream\\lib\\_stream_readable.js:629:20)"}
2026-03-25 18:41:10 [ERROR]: Uncaught Exception: EPIPE: broken pipe, write {"errno":-4047,"syscall":"write","code":"EPIPE","stack":"Error: EPIPE: broken pipe, write\n    at Socket._write (node:internal/net:63:18)\n    at writeOrBuffer (node:internal/streams/writable:572:12)\n    at _write (node:internal/streams/writable:501:10)\n    at Writable.write (node:internal/streams/writable:510:10)\n    at Console.log (C:\\Coder 2.0\\RealTimeChat\\QuickChat-Full-Stack\\server\\node_modules\\winston\\lib\\winston\\transports\\console.js:87:23)\n    at Console._write (C:\\Coder 2.0\\RealTimeChat\\QuickChat-Full-Stack\\server\\node_modules\\winston-transport\\modern.js:103:17)\n    at doWrite (C:\\Coder 2.0\\RealTimeChat\\QuickChat-Full-Stack\\server\\node_modules\\readable-stream\\lib\\_stream_writable.js:390:139)\n    at writeOrBuffer (C:\\Coder 2.0\\RealTimeChat\\QuickChat-Full-Stack\\server\\node_modules\\readable-stream\\lib\\_stream_writable.js:381:5)\n    at Writable.write (C:\\Coder 2.0\\RealTimeChat\\QuickChat-Full-Stack\\server\\node_modules\\readable-stream\\lib\\_stream_writable.js:302:11)\n    at DerivedLogger.ondata (C:\\Coder 2.0\\RealTimeChat\\QuickChat-Full-Stack\\server\\node_modules\\readable-stream\\lib\\_stream_readable.js:629:20)"}
2026-03-25 18:41:10 [ERROR]: Uncaught Exception: EPIPE: broken pipe, write {"errno":-4047,"syscall":"write","code":"EPIPE","stack":"Error: EPIPE: broken pipe, write\n    at Socket._write (node:internal/net:63:18)\n    at writeOrBuffer (node:internal/streams/writable:572:12)\n    at _write (node:internal/streams/writable:501:10)\n    at Writable.write (node:internal/streams/writable:510:10)\n    at Console.log (C:\\Coder 2.0\\RealTimeChat\\QuickChat-Full-Stack\\server\\node_modules\\winston\\lib\\winston\\transports\\console.js:87:23)\n    at Console._write (C:\\Coder 2.0\\RealTimeChat\\QuickChat-Full-Stack\\server\\node_modules\\winston-transport\\modern.js:103:17)\n    at doWrite (C:\\Coder 2.0\\RealTimeChat\\QuickChat-Full-Stack\\server\\node_modules\\readable-stream\\lib\\_stream_writable.js:390:139)\n    at writeOrBuffer (C:\\Coder 2.0\\RealTimeChat\\QuickChat-Full-Stack\\server\\node_modules\\readable-stream\\lib\\_stream_writable.js:381:5)\n    at Writable.write (C:\\Coder 2.0\\RealTimeChat\\QuickChat-Full-Stack\\server\\node_modules\\readable-stream\\lib\\_stream_writable.js:302:11)\n    at DerivedLogger.ondata (C:\\Coder 2.0\\RealTimeChat\\QuickChat-Full-Stack\\server\\node_modules\\readable-stream\\lib\\_stream_readable.js:629:20)"}
2026-03-25 18:41:10 [ERROR]: Uncaught Exception: EPIPE: broken pipe, write {"errno":-4047,"syscall":"write","code":"EPIPE","stack":"Error: EPIPE: broken pipe, write\n    at Socket._write (node:internal/net:63:18)\n    at writeOrBuffer (node:internal/streams/writable:572:12)\n    at _write (node:internal/streams/writable:501:10)\n    at Writable.write (node:internal/streams/writable:510:10)\n    at Console.log (C:\\Coder 2.0\\RealTimeChat\\QuickChat-Full-Stack\\server\\node_modules\\winston\\lib\\winston\\transports\\console.js:87:23)\n    at Console._write (C:\\Coder 2.0\\RealTimeChat\\QuickChat-Full-Stack\\server\\node_modules\\winston-transport\\modern.js:103:17)\n    at doWrite (C:\\Coder 2.0\\RealTimeChat\\QuickChat-Full-Stack\\server\\node_modules\\readable-stream\\lib\\_stream_writable.js:390:139)\n    at writeOrBuffer (C:\\Coder 2.0\\RealTimeChat\\QuickChat-Full-Stack\\server\\node_modules\\readable-stream\\lib\\_stream_writable.js:381:5)\n    at Writable.write (C:\\Coder 2.0\\RealTimeChat\\QuickChat-Full-Stack\\server\\node_modules\\readable-stream\\lib\\_stream_writable.js:302:11)\n    at DerivedLogger.ondata (C:\\Coder 2.0\\RealTimeChat\\QuickChat-Full-Stack\\server\\node_modules\\readable-stream\\lib\\_stream_readable.js:629:20)"}
2026-03-25 18:41:10 [ERROR]: Uncaught Exception: EPIPE: broken pipe, write {"errno":-4047,"syscall":"write","code":"EPIPE","stack":"Error: EPIPE: broken pipe, write\n    at Socket._write (node:internal/net:63:18)\n    at writeOrBuffer (node:internal/streams/writable:572:12)\n    at _write (node:internal/streams/writable:501:10)\n    at Writable.write (node:internal/streams/writable:510:10)\n    at Console.log (C:\\Coder 2.0\\RealTimeChat\\QuickChat-Full-Stack\\server\\node_modules\\winston\\lib\\winston\\transports\\console.js:87:23)\n    at Console._write (C:\\Coder 2.0\\RealTimeChat\\QuickChat-Full-Stack\\server\\node_modules\\winston-transport\\modern.js:103:17)\n    at doWrite (C:\\Coder 2.0\\RealTimeChat\\QuickChat-Full-Stack\\server\\node_modules\\readable-stream\\lib\\_stream_writable.js:390:139)\n    at writeOrBuffer (C:\\Coder 2.0\\RealTimeChat\\QuickChat-Full-Stack\\server\\node_modules\\readable-stream\\lib\\_stream_writable.js:381:5)\n    at Writable.write (C:\\Coder 2.0\\RealTimeChat\\QuickChat-Full-Stack\\server\\node_modules\\readable-stream\\lib\\_stream_writable.js:302:11)\n    at DerivedLogger.ondata (C:\\Coder 2.0\\RealTimeChat\\QuickChat-Full-Stack\\server\\node_modules\\readable-stream\\lib\\_stream_readable.js:629:20)"}
2026-03-25 18:41:10 [ERROR]: Uncaught Exception: EPIPE: broken pipe, write {"errno":-4047,"syscall":"write","code":"EPIPE","stack":"Error: EPIPE: broken pipe, write\n    at Socket._write (node:internal/net:63:18)\n    at writeOrBuffer (node:internal/streams/writable:572:12)\n    at _write (node:internal/streams/writable:501:10)\n    at Writable.write (node:internal/streams/writable:510:10)\n    at Console.log (C:\\Coder 2.0\\RealTimeChat\\QuickChat-Full-Stack\\server\\node_modules\\winston\\lib\\winston\\transports\\console.js:87:23)\n    at Console._write (C:\\Coder 2.0\\RealTimeChat\\QuickChat-Full-Stack\\server\\node_modules\\winston-transport\\modern.js:103:17)\n    at doWrite (C:\\Coder 2.0\\RealTimeChat\\QuickChat-Full-Stack\\server\\node_modules\\readable-stream\\lib\\_stream_writable.js:390:139)\n    at writeOrBuffer (C:\\Coder 2.0\\RealTimeChat\\QuickChat-Full-Stack\\server\\node_modules\\readable-stream\\lib\\_stream_writable.js:381:5)\n    at Writable.write (C:\\Coder 2.0\\RealTimeChat\\QuickChat-Full-Stack\\server\\node_modules\\readable-stream\\lib\\_stream_writable.js:302:11)\n    at DerivedLogger.ondata (C:\\Coder 2.0\\RealTimeChat\\QuickChat-Full-Stack\\server\\node_modules\\readable-stream\\lib\\_stream_readable.js:629:20)"}
2026-03-25 18:41:10 [ERROR]: Uncaught Exception: EPIPE: broken pipe, write {"errno":-4047,"syscall":"write","code":"EPIPE","stack":"Error: EPIPE: broken pipe, write\n    at Socket._write (node:internal/net:63:18)\n    at writeOrBuffer (node:internal/streams/writable:572:12)\n    at _write (node:internal/streams/writable:501:10)\n    at Writable.write (node:internal/streams/writable:510:10)\n    at Console.log (C:\\Coder 2.0\\RealTimeChat\\QuickChat-Full-Stack\\server\\node_modules\\winston\\lib\\winston\\transports\\console.js:87:23)\n    at Console._write (C:\\Coder 2.0\\RealTimeChat\\QuickChat-Full-Stack\\server\\node_modules\\winston-transport\\modern.js:103:17)\n    at doWrite (C:\\Coder 2.0\\RealTimeChat\\QuickChat-Full-Stack\\server\\node_modules\\readable-stream\\lib\\_stream_writable.js:390:139)\n    at writeOrBuffer (C:\\Coder 2.0\\RealTimeChat\\QuickChat-Full-Stack\\server\\node_modules\\readable-stream\\lib\\_stream_writable.js:381:5)\n    at Writable.write (C:\\Coder 2.0\\RealTimeChat\\QuickChat-Full-Stack\\server\\node_modules\\readable-stream\\lib\\_stream_writable.js:302:11)\n    at DerivedLogger.ondata (C:\\Coder 2.0\\RealTimeChat\\QuickChat-Full-Stack\\server\\node_modules\\readable-stream\\lib\\_stream_readable.js:629:20)"}
2026-03-25 18:41:10 [ERROR]: Uncaught Exception: EPIPE: broken pipe, write {"errno":-4047,"syscall":"write","code":"EPIPE","stack":"Error: EPIPE: broken pipe, write\n    at Socket._write (node:internal/net:63:18)\n    at writeOrBuffer (node:internal/streams/writable:572:12)\n    at _write (node:internal/streams/writable:501:10)\n    at Writable.write (node:internal/streams/writable:510:10)\n    at Console.log (C:\\Coder 2.0\\RealTimeChat\\QuickChat-Full-Stack\\server\\node_modules\\winston\\lib\\winston\\transports\\console.js:87:23)\n    at Console._write (C:\\Coder 2.0\\RealTimeChat\\QuickChat-Full-Stack\\server\\node_modules\\winston-transport\\modern.js:103:17)\n    at doWrite (C:\\Coder 2.0\\RealTimeChat\\QuickChat-Full-Stack\\server\\node_modules\\readable-stream\\lib\\_stream_writable.js:390:139)\n    at writeOrBuffer (C:\\Coder 2.0\\RealTimeChat\\QuickChat-Full-Stack\\server\\node_modules\\readable-stream\\lib\\_stream_writable.js:381:5)\n    at Writable.write (C:\\Coder 2.0\\RealTimeChat\\QuickChat-Full-Stack\\server\\node_modules\\readable-stream\\lib\\_stream_writable.js:302:11)\n    at DerivedLogger.ondata (C:\\Coder 2.0\\RealTimeChat\\QuickChat-Full-Stack\\server\\node_modules\\readable-stream\\lib\\_stream_readable.js:629:20)"}
2026-03-25 18:47:13 [ERROR]: Port 5000 is already in use. Close the other server or change PORT in .env
